[2026-05-15T23:42:51.165+0000] {taskinstance.py:1956} INFO - Dependencies all met for dep_context=non-requeueable deps ti=<TaskInstance: canada_weather_pipeline.api_request manual__2026-05-15T23:42:45.954205+00:00 [queued]>
[2026-05-15T23:42:51.244+0000] {taskinstance.py:1956} INFO - Dependencies all met for dep_context=requeueable deps ti=<TaskInstance: canada_weather_pipeline.api_request manual__2026-05-15T23:42:45.954205+00:00 [queued]>
[2026-05-15T23:42:51.250+0000] {taskinstance.py:2170} INFO - Starting attempt 1 of 2
[2026-05-15T23:42:51.374+0000] {taskinstance.py:2191} INFO - Executing <Task(PythonOperator): api_request> on 2026-05-15 23:42:45.954205+00:00
[2026-05-15T23:42:51.441+0000] {standard_task_runner.py:60} INFO - Started process 177 to run task
[2026-05-15T23:42:51.565+0000] {standard_task_runner.py:87} INFO - Running: ['airflow', 'tasks', 'run', 'canada_weather_pipeline', 'api_request', 'manual__2026-05-15T23:42:45.954205+00:00', '--job-id', '2', '--raw', '--subdir', 'DAGS_FOLDER/dags.py', '--cfg-path', '/tmp/tmpb1yknwpv']
[2026-05-15T23:42:51.611+0000] {standard_task_runner.py:88} INFO - Job 2: Subtask api_request
[2026-05-15T23:42:52.752+0000] {task_command.py:423} INFO - Running <TaskInstance: canada_weather_pipeline.api_request manual__2026-05-15T23:42:45.954205+00:00 [running]> on host ce308bb266fe
[2026-05-15T23:42:53.104+0000] {taskinstance.py:2480} INFO - Exporting env vars: AIRFLOW_CTX_DAG_OWNER='Mike' AIRFLOW_CTX_DAG_ID='canada_weather_pipeline' AIRFLOW_CTX_TASK_ID='api_request' AIRFLOW_CTX_EXECUTION_DATE='2026-05-15T23:42:45.954205+00:00' AIRFLOW_CTX_TRY_NUMBER='1' AIRFLOW_CTX_DAG_RUN_ID='manual__2026-05-15T23:42:45.954205+00:00'
[2026-05-15T23:42:57.424+0000] {logging_mixin.py:188} INFO - Fetching 2000 cities...
[2026-05-15T23:43:39.252+0000] {logging_mixin.py:188} INFO - Total cities available : 844
[2026-05-15T23:43:39.436+0000] {logging_mixin.py:188} INFO - Fetched this call      : 844
[2026-05-15T23:43:41.440+0000] {logging_mixin.py:188} INFO - city                0
identifier          0
region              1
last_updated        0
sunrise             0
sunset              0
normal_high_c       1
normal_low_c        1
period              0
temp_c              0
temp_class          0
humidity_pct        0
wind_chill        728
uv_index          840
uv_category       840
precip_mm         731
precip_type       731
wind_speed_kmh      0
wind_gust_kmh       4
dtype: int64
[2026-05-15T23:43:41.878+0000] {_universal.py:511} INFO - Request URL: 'https://weather12.blob.core.windows.net/daily/daily_weather.csv'
Request method: 'PUT'
Request headers:
    'Content-Length': '122027'
    'x-ms-blob-type': 'REDACTED'
    'x-ms-version': 'REDACTED'
    'Content-Type': 'application/octet-stream'
    'Accept': 'application/xml'
    'User-Agent': 'azsdk-python-storage-blob/12.19.0 Python/3.11.8 (Linux-6.4.16-linuxkit-x86_64-with-glibc2.36)'
    'x-ms-date': 'REDACTED'
    'x-ms-client-request-id': 'e78475e6-50b7-11f1-b5a1-0242ac1e0005'
    'Authorization': 'REDACTED'
A body is sent with the request
[2026-05-15T23:43:43.179+0000] {_universal.py:550} INFO - Response status: 201
Response headers:
    'Content-Length': '0'
    'Content-MD5': 'REDACTED'
    'Last-Modified': 'Fri, 15 May 2026 23:43:43 GMT'
    'ETag': '"0x8DEB2DBCC84D40D"'
    'x-ms-request-id': '48448e1c-a01e-0053-5cc4-e46ef0000000'
    'x-ms-client-request-id': 'e78475e6-50b7-11f1-b5a1-0242ac1e0005'
    'x-ms-version': 'REDACTED'
    'x-ms-content-crc64': 'REDACTED'
    'x-ms-request-server-encrypted': 'REDACTED'
    'Date': 'Fri, 15 May 2026 23:43:42 GMT'
[2026-05-15T23:43:43.183+0000] {logging_mixin.py:188} INFO - Uploaded to Azure Blob: daily/daily_weather.csv
[2026-05-15T23:43:43.247+0000] {python.py:201} INFO - Done. Returned value was: None
[2026-05-15T23:43:43.304+0000] {taskinstance.py:1138} INFO - Marking task as SUCCESS. dag_id=canada_weather_pipeline, task_id=api_request, execution_date=20260515T234245, start_date=20260515T234251, end_date=20260515T234343
[2026-05-15T23:43:43.456+0000] {local_task_job_runner.py:234} INFO - Task exited with return code 0
[2026-05-15T23:43:43.610+0000] {taskinstance.py:3280} INFO - 1 downstream tasks scheduled from follow-on schedule check
