[2026-05-16T00:12:11.971+0000] {taskinstance.py:1956} INFO - Dependencies all met for dep_context=non-requeueable deps ti=<TaskInstance: canada_weather_pipeline.api_request manual__2026-05-16T00:12:08.163781+00:00 [queued]>
[2026-05-16T00:12:11.996+0000] {taskinstance.py:1956} INFO - Dependencies all met for dep_context=requeueable deps ti=<TaskInstance: canada_weather_pipeline.api_request manual__2026-05-16T00:12:08.163781+00:00 [queued]>
[2026-05-16T00:12:11.997+0000] {taskinstance.py:2170} INFO - Starting attempt 1 of 2
[2026-05-16T00:12:12.027+0000] {taskinstance.py:2191} INFO - Executing <Task(PythonOperator): api_request> on 2026-05-16 00:12:08.163781+00:00
[2026-05-16T00:12:12.037+0000] {standard_task_runner.py:60} INFO - Started process 797 to run task
[2026-05-16T00:12:12.043+0000] {standard_task_runner.py:87} INFO - Running: ['airflow', 'tasks', 'run', 'canada_weather_pipeline', 'api_request', 'manual__2026-05-16T00:12:08.163781+00:00', '--job-id', '10', '--raw', '--subdir', 'DAGS_FOLDER/dags.py', '--cfg-path', '/tmp/tmpmicuedrx']
[2026-05-16T00:12:12.047+0000] {standard_task_runner.py:88} INFO - Job 10: Subtask api_request
[2026-05-16T00:12:12.260+0000] {task_command.py:423} INFO - Running <TaskInstance: canada_weather_pipeline.api_request manual__2026-05-16T00:12:08.163781+00:00 [running]> on host 86ef5fea204b
[2026-05-16T00:12:12.510+0000] {taskinstance.py:2480} INFO - Exporting env vars: AIRFLOW_CTX_DAG_OWNER='Mike' AIRFLOW_CTX_DAG_ID='canada_weather_pipeline' AIRFLOW_CTX_TASK_ID='api_request' AIRFLOW_CTX_EXECUTION_DATE='2026-05-16T00:12:08.163781+00:00' AIRFLOW_CTX_TRY_NUMBER='1' AIRFLOW_CTX_DAG_RUN_ID='manual__2026-05-16T00:12:08.163781+00:00'
[2026-05-16T00:12:19.145+0000] {logging_mixin.py:188} INFO - Fetching 2000 cities...
[2026-05-16T00:12:27.780+0000] {logging_mixin.py:188} INFO - Total cities available : 844
[2026-05-16T00:12:27.783+0000] {logging_mixin.py:188} INFO - Fetched this call      : 844
[2026-05-16T00:12:27.938+0000] {logging_mixin.py:188} INFO - city                0
identifier          0
region              1
last_updated        0
sunrise             0
sunset              0
normal_high_c       1
normal_low_c        1
period              0
temp_c              0
temp_class          0
humidity_pct        0
wind_chill        728
uv_index          840
uv_category       840
precip_mm         731
precip_type       731
wind_speed_kmh      0
wind_gust_kmh       4
dtype: int64
[2026-05-16T00:12:27.946+0000] {_universal.py:511} INFO - Request URL: 'https://weather12.blob.core.windows.net/daily/daily_weather.csv'
Request method: 'PUT'
Request headers:
    'Content-Length': '122027'
    'x-ms-blob-type': 'REDACTED'
    'x-ms-version': 'REDACTED'
    'Content-Type': 'application/octet-stream'
    'Accept': 'application/xml'
    'User-Agent': 'azsdk-python-storage-blob/12.19.0 Python/3.11.8 (Linux-6.4.16-linuxkit-x86_64-with-glibc2.36)'
    'x-ms-date': 'REDACTED'
    'x-ms-client-request-id': 'ec577056-50bb-11f1-ab9a-0242ac1f0005'
    'Authorization': 'REDACTED'
A body is sent with the request
[2026-05-16T00:12:31.543+0000] {_universal.py:550} INFO - Response status: 201
Response headers:
    'Content-Length': '0'
    'Content-MD5': 'REDACTED'
    'Last-Modified': 'Sat, 16 May 2026 00:12:31 GMT'
    'ETag': '"0x8DEB2DFD2C68812"'
    'x-ms-request-id': '17642eb7-001e-004a-57c8-e4ee4b000000'
    'x-ms-client-request-id': 'ec577056-50bb-11f1-ab9a-0242ac1f0005'
    'x-ms-version': 'REDACTED'
    'x-ms-content-crc64': 'REDACTED'
    'x-ms-request-server-encrypted': 'REDACTED'
    'Date': 'Sat, 16 May 2026 00:12:30 GMT'
[2026-05-16T00:12:31.557+0000] {logging_mixin.py:188} INFO - Uploaded to Azure Blob: daily/daily_weather.csv
[2026-05-16T00:12:31.617+0000] {python.py:201} INFO - Done. Returned value was: None
[2026-05-16T00:12:31.711+0000] {taskinstance.py:1138} INFO - Marking task as SUCCESS. dag_id=canada_weather_pipeline, task_id=api_request, execution_date=20260516T001208, start_date=20260516T001211, end_date=20260516T001231
[2026-05-16T00:12:31.834+0000] {local_task_job_runner.py:234} INFO - Task exited with return code 0
[2026-05-16T00:12:31.926+0000] {taskinstance.py:3280} INFO - 1 downstream tasks scheduled from follow-on schedule check
