[2026-05-16T00:12:51.829+0000] {taskinstance.py:1956} INFO - Dependencies all met for dep_context=non-requeueable deps ti=<TaskInstance: canada_weather_pipeline.gold manual__2026-05-16T00:12:08.163781+00:00 [queued]>
[2026-05-16T00:12:51.863+0000] {taskinstance.py:1956} INFO - Dependencies all met for dep_context=requeueable deps ti=<TaskInstance: canada_weather_pipeline.gold manual__2026-05-16T00:12:08.163781+00:00 [queued]>
[2026-05-16T00:12:51.864+0000] {taskinstance.py:2170} INFO - Starting attempt 1 of 2
[2026-05-16T00:12:51.901+0000] {taskinstance.py:2191} INFO - Executing <Task(PythonOperator): gold> on 2026-05-16 00:12:08.163781+00:00
[2026-05-16T00:12:51.912+0000] {standard_task_runner.py:60} INFO - Started process 909 to run task
[2026-05-16T00:12:51.917+0000] {standard_task_runner.py:87} INFO - Running: ['airflow', 'tasks', 'run', 'canada_weather_pipeline', 'gold', 'manual__2026-05-16T00:12:08.163781+00:00', '--job-id', '13', '--raw', '--subdir', 'DAGS_FOLDER/dags.py', '--cfg-path', '/tmp/tmpdhnl058r']
[2026-05-16T00:12:51.921+0000] {standard_task_runner.py:88} INFO - Job 13: Subtask gold
[2026-05-16T00:12:52.034+0000] {task_command.py:423} INFO - Running <TaskInstance: canada_weather_pipeline.gold manual__2026-05-16T00:12:08.163781+00:00 [running]> on host 86ef5fea204b
[2026-05-16T00:12:52.208+0000] {taskinstance.py:2480} INFO - Exporting env vars: AIRFLOW_CTX_DAG_OWNER='Mike' AIRFLOW_CTX_DAG_ID='canada_weather_pipeline' AIRFLOW_CTX_TASK_ID='gold' AIRFLOW_CTX_EXECUTION_DATE='2026-05-16T00:12:08.163781+00:00' AIRFLOW_CTX_TRY_NUMBER='1' AIRFLOW_CTX_DAG_RUN_ID='manual__2026-05-16T00:12:08.163781+00:00'
[2026-05-16T00:12:52.581+0000] {logging_mixin.py:188} INFO - successful connect postgressql
[2026-05-16T00:12:52.682+0000] {logging_mixin.py:188} INFO - Success to build gold schema
[2026-05-16T00:12:53.537+0000] {logging_mixin.py:188} INFO - Success to insert data into weather table
[2026-05-16T00:12:53.562+0000] {logging_mixin.py:188} INFO - Success to insert data to day table
[2026-05-16T00:12:53.602+0000] {logging_mixin.py:188} INFO - Success to insert data to night table
[2026-05-16T00:12:53.668+0000] {logging_mixin.py:188} INFO - Success to insert data to difference table
[2026-05-16T00:12:53.669+0000] {logging_mixin.py:188} INFO - Successful build gold layer
[2026-05-16T00:12:53.675+0000] {python.py:201} INFO - Done. Returned value was: None
[2026-05-16T00:12:53.697+0000] {taskinstance.py:1138} INFO - Marking task as SUCCESS. dag_id=canada_weather_pipeline, task_id=gold, execution_date=20260516T001208, start_date=20260516T001251, end_date=20260516T001253
[2026-05-16T00:12:53.774+0000] {local_task_job_runner.py:234} INFO - Task exited with return code 0
[2026-05-16T00:12:53.818+0000] {taskinstance.py:3280} INFO - 0 downstream tasks scheduled from follow-on schedule check
