[2026-05-15T23:15:25.762+0000] {taskinstance.py:1956} INFO - Dependencies all met for dep_context=non-requeueable deps ti=<TaskInstance: canada_weather_pipeline.gold manual__2026-05-15T23:14:19.307528+00:00 [queued]>
[2026-05-15T23:15:25.790+0000] {taskinstance.py:1956} INFO - Dependencies all met for dep_context=requeueable deps ti=<TaskInstance: canada_weather_pipeline.gold manual__2026-05-15T23:14:19.307528+00:00 [queued]>
[2026-05-15T23:15:25.793+0000] {taskinstance.py:2170} INFO - Starting attempt 1 of 2
[2026-05-15T23:15:25.848+0000] {taskinstance.py:2191} INFO - Executing <Task(PythonOperator): gold> on 2026-05-15 23:14:19.307528+00:00
[2026-05-15T23:15:25.858+0000] {standard_task_runner.py:60} INFO - Started process 429 to run task
[2026-05-15T23:15:25.870+0000] {standard_task_runner.py:87} INFO - Running: ['airflow', 'tasks', 'run', 'canada_weather_pipeline', 'gold', 'manual__2026-05-15T23:14:19.307528+00:00', '--job-id', '7', '--raw', '--subdir', 'DAGS_FOLDER/dags.py', '--cfg-path', '/tmp/tmp_gdcqevg']
[2026-05-15T23:15:25.878+0000] {standard_task_runner.py:88} INFO - Job 7: Subtask gold
[2026-05-15T23:15:26.176+0000] {task_command.py:423} INFO - Running <TaskInstance: canada_weather_pipeline.gold manual__2026-05-15T23:14:19.307528+00:00 [running]> on host d87b41689c6d
[2026-05-15T23:15:26.454+0000] {taskinstance.py:2480} INFO - Exporting env vars: AIRFLOW_CTX_DAG_OWNER='Mike' AIRFLOW_CTX_DAG_ID='canada_weather_pipeline' AIRFLOW_CTX_TASK_ID='gold' AIRFLOW_CTX_EXECUTION_DATE='2026-05-15T23:14:19.307528+00:00' AIRFLOW_CTX_TRY_NUMBER='1' AIRFLOW_CTX_DAG_RUN_ID='manual__2026-05-15T23:14:19.307528+00:00'
[2026-05-15T23:15:26.849+0000] {logging_mixin.py:188} INFO - error to connect duckdb to postgressql: IO Error: Unable to connect to Postgres at host=localhost port=5432 dbname=weather_db user=weather_user password=***: connection to server at "localhost" (127.0.0.1), port 5432 failed: Connection refused
	Is the server running on that host and accepting TCP/IP connections?
connection to server at "localhost" (::1), port 5432 failed: Cannot assign requested address
	Is the server running on that host and accepting TCP/IP connections?
[2026-05-15T23:15:26.856+0000] {logging_mixin.py:188} INFO - failt to build gold {e} 
[2026-05-15T23:15:26.976+0000] {logging_mixin.py:188} INFO - fail to insert data into weather table 
[2026-05-15T23:15:26.998+0000] {logging_mixin.py:188} INFO - fail to insert data into day table Binder Error: Catalog "pg_db" does not exist!
[2026-05-15T23:15:27.012+0000] {logging_mixin.py:188} INFO - fail to insert data into night table Binder Error: Catalog "pg_db" does not exist!
[2026-05-15T23:15:27.019+0000] {logging_mixin.py:188} INFO - fail to insert data into table difference Binder Error: Catalog "pg_db" does not exist!
[2026-05-15T23:15:27.047+0000] {logging_mixin.py:188} INFO - Successful build gold layer
[2026-05-15T23:15:27.051+0000] {python.py:201} INFO - Done. Returned value was: None
[2026-05-15T23:15:27.126+0000] {taskinstance.py:1138} INFO - Marking task as SUCCESS. dag_id=canada_weather_pipeline, task_id=gold, execution_date=20260515T231419, start_date=20260515T231525, end_date=20260515T231527
[2026-05-15T23:15:27.193+0000] {local_task_job_runner.py:234} INFO - Task exited with return code 0
[2026-05-15T23:15:27.249+0000] {taskinstance.py:3280} INFO - 0 downstream tasks scheduled from follow-on schedule check
