[2026-05-15T22:52:08.670+0000] {taskinstance.py:1956} INFO - Dependencies all met for dep_context=non-requeueable deps ti=<TaskInstance: canada_weather_pipeline.bronze scheduled__2026-05-14T05:00:00+00:00 [queued]>
[2026-05-15T22:52:08.720+0000] {taskinstance.py:1956} INFO - Dependencies all met for dep_context=requeueable deps ti=<TaskInstance: canada_weather_pipeline.bronze scheduled__2026-05-14T05:00:00+00:00 [queued]>
[2026-05-15T22:52:08.722+0000] {taskinstance.py:2170} INFO - Starting attempt 1 of 2
[2026-05-15T22:52:08.813+0000] {taskinstance.py:2191} INFO - Executing <Task(PythonOperator): bronze> on 2026-05-14 05:00:00+00:00
[2026-05-15T22:52:08.830+0000] {standard_task_runner.py:60} INFO - Started process 210 to run task
[2026-05-15T22:52:08.841+0000] {standard_task_runner.py:87} INFO - Running: ['airflow', 'tasks', 'run', 'canada_weather_pipeline', 'bronze', 'scheduled__2026-05-14T05:00:00+00:00', '--job-id', '4', '--raw', '--subdir', 'DAGS_FOLDER/dags.py', '--cfg-path', '/tmp/tmp4q9p_46r']
[2026-05-15T22:52:08.847+0000] {standard_task_runner.py:88} INFO - Job 4: Subtask bronze
[2026-05-15T22:52:09.027+0000] {task_command.py:423} INFO - Running <TaskInstance: canada_weather_pipeline.bronze scheduled__2026-05-14T05:00:00+00:00 [running]> on host 0cf52aefc126
[2026-05-15T22:52:09.312+0000] {taskinstance.py:2480} INFO - Exporting env vars: AIRFLOW_CTX_DAG_OWNER='Mike' AIRFLOW_CTX_DAG_ID='canada_weather_pipeline' AIRFLOW_CTX_TASK_ID='bronze' AIRFLOW_CTX_EXECUTION_DATE='2026-05-14T05:00:00+00:00' AIRFLOW_CTX_TRY_NUMBER='1' AIRFLOW_CTX_DAG_RUN_ID='scheduled__2026-05-14T05:00:00+00:00'
[2026-05-15T22:52:17.622+0000] {logging_mixin.py:188} INFO - sucessful connect to azureblob
[2026-05-15T22:52:25.700+0000] {logging_mixin.py:188} INFO - error to connect duckdb to postgressql{e}
[2026-05-15T22:52:33.580+0000] {logging_mixin.py:188} INFO - fail to build bronze layer
[2026-05-15T22:52:33.586+0000] {python.py:201} INFO - Done. Returned value was: None
[2026-05-15T22:52:33.615+0000] {taskinstance.py:1138} INFO - Marking task as SUCCESS. dag_id=canada_weather_pipeline, task_id=bronze, execution_date=20260514T050000, start_date=20260515T225208, end_date=20260515T225233
[2026-05-15T22:52:33.692+0000] {local_task_job_runner.py:234} INFO - Task exited with return code 0
[2026-05-15T22:52:33.741+0000] {taskinstance.py:3280} INFO - 1 downstream tasks scheduled from follow-on schedule check
[2026-05-15T23:15:02.745+0000] {taskinstance.py:1956} INFO - Dependencies all met for dep_context=non-requeueable deps ti=<TaskInstance: canada_weather_pipeline.bronze scheduled__2026-05-14T05:00:00+00:00 [queued]>
[2026-05-15T23:15:02.796+0000] {taskinstance.py:1956} INFO - Dependencies all met for dep_context=requeueable deps ti=<TaskInstance: canada_weather_pipeline.bronze scheduled__2026-05-14T05:00:00+00:00 [queued]>
[2026-05-15T23:15:02.798+0000] {taskinstance.py:2170} INFO - Starting attempt 1 of 2
[2026-05-15T23:15:02.982+0000] {taskinstance.py:2191} INFO - Executing <Task(PythonOperator): bronze> on 2026-05-14 05:00:00+00:00
[2026-05-15T23:15:03.005+0000] {standard_task_runner.py:60} INFO - Started process 195 to run task
[2026-05-15T23:15:03.021+0000] {standard_task_runner.py:87} INFO - Running: ['airflow', 'tasks', 'run', 'canada_weather_pipeline', 'bronze', 'scheduled__2026-05-14T05:00:00+00:00', '--job-id', '4', '--raw', '--subdir', 'DAGS_FOLDER/dags.py', '--cfg-path', '/tmp/tmpoguuti7m']
[2026-05-15T23:15:03.029+0000] {standard_task_runner.py:88} INFO - Job 4: Subtask bronze
[2026-05-15T23:15:03.410+0000] {task_command.py:423} INFO - Running <TaskInstance: canada_weather_pipeline.bronze scheduled__2026-05-14T05:00:00+00:00 [running]> on host d87b41689c6d
[2026-05-15T23:15:04.249+0000] {taskinstance.py:2480} INFO - Exporting env vars: AIRFLOW_CTX_DAG_OWNER='Mike' AIRFLOW_CTX_DAG_ID='canada_weather_pipeline' AIRFLOW_CTX_TASK_ID='bronze' AIRFLOW_CTX_EXECUTION_DATE='2026-05-14T05:00:00+00:00' AIRFLOW_CTX_TRY_NUMBER='1' AIRFLOW_CTX_DAG_RUN_ID='scheduled__2026-05-14T05:00:00+00:00'
[2026-05-15T23:15:11.575+0000] {logging_mixin.py:188} INFO - sucessful connect to azureblob
[2026-05-15T23:15:17.605+0000] {logging_mixin.py:188} INFO - error to connect duckdb to postgressql: IO Error: Unable to connect to Postgres at host=localhost port=5432 dbname=weather_db user=weather_user password=***: connection to server at "localhost" (127.0.0.1), port 5432 failed: Connection refused
	Is the server running on that host and accepting TCP/IP connections?
connection to server at "localhost" (::1), port 5432 failed: Cannot assign requested address
	Is the server running on that host and accepting TCP/IP connections?
[2026-05-15T23:15:24.410+0000] {logging_mixin.py:188} INFO - fail to build bronze layer
[2026-05-15T23:15:24.414+0000] {python.py:201} INFO - Done. Returned value was: None
[2026-05-15T23:15:24.444+0000] {taskinstance.py:1138} INFO - Marking task as SUCCESS. dag_id=canada_weather_pipeline, task_id=bronze, execution_date=20260514T050000, start_date=20260515T231502, end_date=20260515T231524
[2026-05-15T23:15:24.515+0000] {local_task_job_runner.py:234} INFO - Task exited with return code 0
[2026-05-15T23:15:24.568+0000] {taskinstance.py:3280} INFO - 1 downstream tasks scheduled from follow-on schedule check
[2026-05-15T23:43:53.731+0000] {taskinstance.py:1956} INFO - Dependencies all met for dep_context=non-requeueable deps ti=<TaskInstance: canada_weather_pipeline.bronze scheduled__2026-05-14T05:00:00+00:00 [queued]>
[2026-05-15T23:43:53.781+0000] {taskinstance.py:1956} INFO - Dependencies all met for dep_context=requeueable deps ti=<TaskInstance: canada_weather_pipeline.bronze scheduled__2026-05-14T05:00:00+00:00 [queued]>
[2026-05-15T23:43:53.782+0000] {taskinstance.py:2170} INFO - Starting attempt 1 of 2
[2026-05-15T23:43:53.882+0000] {taskinstance.py:2191} INFO - Executing <Task(PythonOperator): bronze> on 2026-05-14 05:00:00+00:00
[2026-05-15T23:43:53.904+0000] {standard_task_runner.py:60} INFO - Started process 195 to run task
[2026-05-15T23:43:53.914+0000] {standard_task_runner.py:87} INFO - Running: ['airflow', 'tasks', 'run', 'canada_weather_pipeline', 'bronze', 'scheduled__2026-05-14T05:00:00+00:00', '--job-id', '4', '--raw', '--subdir', 'DAGS_FOLDER/dags.py', '--cfg-path', '/tmp/tmpoit1vs5k']
[2026-05-15T23:43:53.921+0000] {standard_task_runner.py:88} INFO - Job 4: Subtask bronze
[2026-05-15T23:43:54.104+0000] {task_command.py:423} INFO - Running <TaskInstance: canada_weather_pipeline.bronze scheduled__2026-05-14T05:00:00+00:00 [running]> on host ce308bb266fe
[2026-05-15T23:43:54.397+0000] {taskinstance.py:2480} INFO - Exporting env vars: AIRFLOW_CTX_DAG_OWNER='Mike' AIRFLOW_CTX_DAG_ID='canada_weather_pipeline' AIRFLOW_CTX_TASK_ID='bronze' AIRFLOW_CTX_EXECUTION_DATE='2026-05-14T05:00:00+00:00' AIRFLOW_CTX_TRY_NUMBER='1' AIRFLOW_CTX_DAG_RUN_ID='scheduled__2026-05-14T05:00:00+00:00'
[2026-05-15T23:44:02.966+0000] {logging_mixin.py:188} INFO - sucessful connect to azureblob
[2026-05-15T23:44:08.629+0000] {logging_mixin.py:188} INFO - error to connect duckdb to postgressql: IO Error: Unable to connect to Postgres at host=localhost port=5432 dbname=weather_db user=weather_user password=***: connection to server at "localhost" (127.0.0.1), port 5432 failed: Connection refused
	Is the server running on that host and accepting TCP/IP connections?
connection to server at "localhost" (::1), port 5432 failed: Cannot assign requested address
	Is the server running on that host and accepting TCP/IP connections?
[2026-05-15T23:44:15.473+0000] {logging_mixin.py:188} INFO - fail to build bronze layer
[2026-05-15T23:44:15.479+0000] {python.py:201} INFO - Done. Returned value was: None
[2026-05-15T23:44:15.504+0000] {taskinstance.py:1138} INFO - Marking task as SUCCESS. dag_id=canada_weather_pipeline, task_id=bronze, execution_date=20260514T050000, start_date=20260515T234353, end_date=20260515T234415
[2026-05-15T23:44:15.572+0000] {local_task_job_runner.py:234} INFO - Task exited with return code 0
[2026-05-15T23:44:15.651+0000] {taskinstance.py:3280} INFO - 1 downstream tasks scheduled from follow-on schedule check
[2026-05-15T23:56:38.550+0000] {taskinstance.py:1956} INFO - Dependencies all met for dep_context=non-requeueable deps ti=<TaskInstance: canada_weather_pipeline.bronze scheduled__2026-05-14T05:00:00+00:00 [queued]>
[2026-05-15T23:56:38.737+0000] {taskinstance.py:1956} INFO - Dependencies all met for dep_context=requeueable deps ti=<TaskInstance: canada_weather_pipeline.bronze scheduled__2026-05-14T05:00:00+00:00 [queued]>
[2026-05-15T23:56:38.778+0000] {taskinstance.py:2170} INFO - Starting attempt 1 of 2
[2026-05-15T23:56:39.177+0000] {taskinstance.py:2191} INFO - Executing <Task(PythonOperator): bronze> on 2026-05-14 05:00:00+00:00
[2026-05-15T23:56:39.212+0000] {standard_task_runner.py:87} INFO - Running: ['airflow', 'tasks', 'run', 'canada_weather_pipeline', 'bronze', 'scheduled__2026-05-14T05:00:00+00:00', '--job-id', '5', '--raw', '--subdir', 'DAGS_FOLDER/dags.py', '--cfg-path', '/tmp/tmpkt9lw7mo']
[2026-05-15T23:56:39.223+0000] {standard_task_runner.py:88} INFO - Job 5: Subtask bronze
[2026-05-15T23:56:39.203+0000] {standard_task_runner.py:60} INFO - Started process 196 to run task
[2026-05-15T23:56:39.689+0000] {task_command.py:423} INFO - Running <TaskInstance: canada_weather_pipeline.bronze scheduled__2026-05-14T05:00:00+00:00 [running]> on host 86ef5fea204b
[2026-05-15T23:56:40.005+0000] {taskinstance.py:2480} INFO - Exporting env vars: AIRFLOW_CTX_DAG_OWNER='Mike' AIRFLOW_CTX_DAG_ID='canada_weather_pipeline' AIRFLOW_CTX_TASK_ID='bronze' AIRFLOW_CTX_EXECUTION_DATE='2026-05-14T05:00:00+00:00' AIRFLOW_CTX_TRY_NUMBER='1' AIRFLOW_CTX_DAG_RUN_ID='scheduled__2026-05-14T05:00:00+00:00'
[2026-05-15T23:56:47.191+0000] {logging_mixin.py:188} INFO - sucessful connect to azureblob
[2026-05-15T23:56:52.709+0000] {logging_mixin.py:188} INFO - error to connect duckdb to postgressql: IO Error: Unable to connect to Postgres at host=localhost port=5432 dbname=weather_db user=weather_user password=***: connection to server at "localhost" (127.0.0.1), port 5432 failed: Connection refused
	Is the server running on that host and accepting TCP/IP connections?
connection to server at "localhost" (::1), port 5432 failed: Cannot assign requested address
	Is the server running on that host and accepting TCP/IP connections?
[2026-05-15T23:56:59.806+0000] {logging_mixin.py:188} INFO - fail to build bronze layer
[2026-05-15T23:56:59.809+0000] {python.py:201} INFO - Done. Returned value was: None
[2026-05-15T23:56:59.835+0000] {taskinstance.py:1138} INFO - Marking task as SUCCESS. dag_id=canada_weather_pipeline, task_id=bronze, execution_date=20260514T050000, start_date=20260515T235638, end_date=20260515T235659
[2026-05-15T23:56:59.895+0000] {local_task_job_runner.py:234} INFO - Task exited with return code 0
[2026-05-15T23:56:59.950+0000] {taskinstance.py:3280} INFO - 1 downstream tasks scheduled from follow-on schedule check
