[2026-05-15T23:30:42.772+0000] {taskinstance.py:1956} INFO - Dependencies all met for dep_context=non-requeueable deps ti=<TaskInstance: canada_weather_pipeline.gold manual__2026-05-15T23:29:55.437901+00:00 [queued]>
[2026-05-15T23:30:42.793+0000] {taskinstance.py:1956} INFO - Dependencies all met for dep_context=requeueable deps ti=<TaskInstance: canada_weather_pipeline.gold manual__2026-05-15T23:29:55.437901+00:00 [queued]>
[2026-05-15T23:30:42.794+0000] {taskinstance.py:2170} INFO - Starting attempt 1 of 2
[2026-05-15T23:30:42.822+0000] {taskinstance.py:2191} INFO - Executing <Task(PythonOperator): gold> on 2026-05-15 23:29:55.437901+00:00
[2026-05-15T23:30:42.830+0000] {standard_task_runner.py:60} INFO - Started process 992 to run task
[2026-05-15T23:30:42.835+0000] {standard_task_runner.py:87} INFO - Running: ['airflow', 'tasks', 'run', 'canada_weather_pipeline', 'gold', 'manual__2026-05-15T23:29:55.437901+00:00', '--job-id', '13', '--raw', '--subdir', 'DAGS_FOLDER/dags.py', '--cfg-path', '/tmp/tmpgg347dd6']
[2026-05-15T23:30:42.840+0000] {standard_task_runner.py:88} INFO - Job 13: Subtask gold
[2026-05-15T23:30:42.972+0000] {task_command.py:423} INFO - Running <TaskInstance: canada_weather_pipeline.gold manual__2026-05-15T23:29:55.437901+00:00 [running]> on host d87b41689c6d
[2026-05-15T23:30:43.148+0000] {taskinstance.py:2480} INFO - Exporting env vars: AIRFLOW_CTX_DAG_OWNER='Mike' AIRFLOW_CTX_DAG_ID='canada_weather_pipeline' AIRFLOW_CTX_TASK_ID='gold' AIRFLOW_CTX_EXECUTION_DATE='2026-05-15T23:29:55.437901+00:00' AIRFLOW_CTX_TRY_NUMBER='1' AIRFLOW_CTX_DAG_RUN_ID='manual__2026-05-15T23:29:55.437901+00:00'
[2026-05-15T23:30:43.486+0000] {logging_mixin.py:188} INFO - error to connect duckdb to postgressql: IO Error: Unable to connect to Postgres at host=localhost port=5432 dbname=weather_db user=weather_user password=***: connection to server at "localhost" (127.0.0.1), port 5432 failed: Connection refused
	Is the server running on that host and accepting TCP/IP connections?
connection to server at "localhost" (::1), port 5432 failed: Cannot assign requested address
	Is the server running on that host and accepting TCP/IP connections?
[2026-05-15T23:30:43.488+0000] {logging_mixin.py:188} INFO - failt to build gold {e} 
[2026-05-15T23:30:43.490+0000] {logging_mixin.py:188} INFO - fail to insert data into weather table 
[2026-05-15T23:30:43.492+0000] {logging_mixin.py:188} INFO - fail to insert data into day table Binder Error: Catalog "pg_db" does not exist!
[2026-05-15T23:30:43.493+0000] {logging_mixin.py:188} INFO - fail to insert data into night table Binder Error: Catalog "pg_db" does not exist!
[2026-05-15T23:30:43.495+0000] {logging_mixin.py:188} INFO - fail to insert data into table difference Binder Error: Catalog "pg_db" does not exist!
[2026-05-15T23:30:43.497+0000] {logging_mixin.py:188} INFO - Successful build gold layer
[2026-05-15T23:30:43.499+0000] {python.py:201} INFO - Done. Returned value was: None
[2026-05-15T23:30:43.526+0000] {taskinstance.py:1138} INFO - Marking task as SUCCESS. dag_id=canada_weather_pipeline, task_id=gold, execution_date=20260515T232955, start_date=20260515T233042, end_date=20260515T233043
[2026-05-15T23:30:43.668+0000] {local_task_job_runner.py:234} INFO - Task exited with return code 0
[2026-05-15T23:30:43.807+0000] {taskinstance.py:3280} INFO - 0 downstream tasks scheduled from follow-on schedule check
