[2026-05-15T23:15:22.975+0000] {taskinstance.py:1956} INFO - Dependencies all met for dep_context=non-requeueable deps ti=<TaskInstance: canada_weather_pipeline.silver manual__2026-05-15T23:14:19.307528+00:00 [queued]>
[2026-05-15T23:15:23.000+0000] {taskinstance.py:1956} INFO - Dependencies all met for dep_context=requeueable deps ti=<TaskInstance: canada_weather_pipeline.silver manual__2026-05-15T23:14:19.307528+00:00 [queued]>
[2026-05-15T23:15:23.002+0000] {taskinstance.py:2170} INFO - Starting attempt 1 of 2
[2026-05-15T23:15:23.032+0000] {taskinstance.py:2191} INFO - Executing <Task(PythonOperator): silver> on 2026-05-15 23:14:19.307528+00:00
[2026-05-15T23:15:23.040+0000] {standard_task_runner.py:60} INFO - Started process 377 to run task
[2026-05-15T23:15:23.044+0000] {standard_task_runner.py:87} INFO - Running: ['airflow', 'tasks', 'run', 'canada_weather_pipeline', 'silver', 'manual__2026-05-15T23:14:19.307528+00:00', '--job-id', '6', '--raw', '--subdir', 'DAGS_FOLDER/dags.py', '--cfg-path', '/tmp/tmp42m83tu8']
[2026-05-15T23:15:23.049+0000] {standard_task_runner.py:88} INFO - Job 6: Subtask silver
[2026-05-15T23:15:23.170+0000] {task_command.py:423} INFO - Running <TaskInstance: canada_weather_pipeline.silver manual__2026-05-15T23:14:19.307528+00:00 [running]> on host d87b41689c6d
[2026-05-15T23:15:23.333+0000] {taskinstance.py:2480} INFO - Exporting env vars: AIRFLOW_CTX_DAG_OWNER='Mike' AIRFLOW_CTX_DAG_ID='canada_weather_pipeline' AIRFLOW_CTX_TASK_ID='silver' AIRFLOW_CTX_EXECUTION_DATE='2026-05-15T23:14:19.307528+00:00' AIRFLOW_CTX_TRY_NUMBER='1' AIRFLOW_CTX_DAG_RUN_ID='manual__2026-05-15T23:14:19.307528+00:00'
[2026-05-15T23:15:23.684+0000] {logging_mixin.py:188} INFO - error to connect duckdb to postgressql: IO Error: Unable to connect to Postgres at host=localhost port=5432 dbname=weather_db user=weather_user password=***: connection to server at "localhost" (127.0.0.1), port 5432 failed: Connection refused
	Is the server running on that host and accepting TCP/IP connections?
connection to server at "localhost" (::1), port 5432 failed: Cannot assign requested address
	Is the server running on that host and accepting TCP/IP connections?
[2026-05-15T23:15:23.694+0000] {logging_mixin.py:188} INFO - fail to create silver schema or silver.weather_daily table Binder Error: Catalog "pg_db" does not exist!
[2026-05-15T23:15:23.700+0000] {logging_mixin.py:188} INFO - fail to transform data Binder Error: Catalog "pg_db" does not exist!
[2026-05-15T23:15:23.706+0000] {logging_mixin.py:188} INFO - fail to insert data {e}
[2026-05-15T23:15:23.707+0000] {logging_mixin.py:188} INFO - Success build silver layer
[2026-05-15T23:15:23.712+0000] {python.py:201} INFO - Done. Returned value was: None
[2026-05-15T23:15:23.737+0000] {taskinstance.py:1138} INFO - Marking task as SUCCESS. dag_id=canada_weather_pipeline, task_id=silver, execution_date=20260515T231419, start_date=20260515T231522, end_date=20260515T231523
[2026-05-15T23:15:23.797+0000] {local_task_job_runner.py:234} INFO - Task exited with return code 0
[2026-05-15T23:15:23.845+0000] {taskinstance.py:3280} INFO - 1 downstream tasks scheduled from follow-on schedule check
