[2026-05-15T22:52:38.631+0000] {taskinstance.py:1956} INFO - Dependencies all met for dep_context=non-requeueable deps ti=<TaskInstance: canada_weather_pipeline.gold scheduled__2026-05-14T05:00:00+00:00 [queued]>
[2026-05-15T22:52:38.650+0000] {taskinstance.py:1956} INFO - Dependencies all met for dep_context=requeueable deps ti=<TaskInstance: canada_weather_pipeline.gold scheduled__2026-05-14T05:00:00+00:00 [queued]>
[2026-05-15T22:52:38.651+0000] {taskinstance.py:2170} INFO - Starting attempt 1 of 2
[2026-05-15T22:52:38.684+0000] {taskinstance.py:2191} INFO - Executing <Task(PythonOperator): gold> on 2026-05-14 05:00:00+00:00
[2026-05-15T22:52:38.697+0000] {standard_task_runner.py:60} INFO - Started process 500 to run task
[2026-05-15T22:52:38.704+0000] {standard_task_runner.py:87} INFO - Running: ['airflow', 'tasks', 'run', 'canada_weather_pipeline', 'gold', 'scheduled__2026-05-14T05:00:00+00:00', '--job-id', '9', '--raw', '--subdir', 'DAGS_FOLDER/dags.py', '--cfg-path', '/tmp/tmpo5zy3qk9']
[2026-05-15T22:52:38.709+0000] {standard_task_runner.py:88} INFO - Job 9: Subtask gold
[2026-05-15T22:52:38.828+0000] {task_command.py:423} INFO - Running <TaskInstance: canada_weather_pipeline.gold scheduled__2026-05-14T05:00:00+00:00 [running]> on host 0cf52aefc126
[2026-05-15T22:52:39.029+0000] {taskinstance.py:2480} INFO - Exporting env vars: AIRFLOW_CTX_DAG_OWNER='Mike' AIRFLOW_CTX_DAG_ID='canada_weather_pipeline' AIRFLOW_CTX_TASK_ID='gold' AIRFLOW_CTX_EXECUTION_DATE='2026-05-14T05:00:00+00:00' AIRFLOW_CTX_TRY_NUMBER='1' AIRFLOW_CTX_DAG_RUN_ID='scheduled__2026-05-14T05:00:00+00:00'
[2026-05-15T22:52:39.591+0000] {logging_mixin.py:188} INFO - error to connect duckdb to postgressql{e}
[2026-05-15T22:52:39.599+0000] {logging_mixin.py:188} INFO - failt to build gold {e} 
[2026-05-15T22:52:39.603+0000] {logging_mixin.py:188} INFO - fail to insert data into weather table 
[2026-05-15T22:52:39.605+0000] {logging_mixin.py:188} INFO - fail to insert data into day table Binder Error: Catalog "pg_db" does not exist!
[2026-05-15T22:52:39.608+0000] {logging_mixin.py:188} INFO - fail to insert data into night table Binder Error: Catalog "pg_db" does not exist!
[2026-05-15T22:52:39.610+0000] {logging_mixin.py:188} INFO - fail to insert data into table difference Binder Error: Catalog "pg_db" does not exist!
[2026-05-15T22:52:39.612+0000] {logging_mixin.py:188} INFO - Successful build gold layer
[2026-05-15T22:52:39.616+0000] {python.py:201} INFO - Done. Returned value was: None
[2026-05-15T22:52:39.883+0000] {taskinstance.py:1138} INFO - Marking task as SUCCESS. dag_id=canada_weather_pipeline, task_id=gold, execution_date=20260514T050000, start_date=20260515T225238, end_date=20260515T225239
[2026-05-15T22:52:40.056+0000] {local_task_job_runner.py:234} INFO - Task exited with return code 0
[2026-05-15T22:52:40.244+0000] {taskinstance.py:3280} INFO - 0 downstream tasks scheduled from follow-on schedule check
[2026-05-15T23:15:28.053+0000] {taskinstance.py:1956} INFO - Dependencies all met for dep_context=non-requeueable deps ti=<TaskInstance: canada_weather_pipeline.gold scheduled__2026-05-14T05:00:00+00:00 [queued]>
[2026-05-15T23:15:28.077+0000] {taskinstance.py:1956} INFO - Dependencies all met for dep_context=requeueable deps ti=<TaskInstance: canada_weather_pipeline.gold scheduled__2026-05-14T05:00:00+00:00 [queued]>
[2026-05-15T23:15:28.079+0000] {taskinstance.py:2170} INFO - Starting attempt 1 of 2
[2026-05-15T23:15:28.121+0000] {taskinstance.py:2191} INFO - Executing <Task(PythonOperator): gold> on 2026-05-14 05:00:00+00:00
[2026-05-15T23:15:28.138+0000] {standard_task_runner.py:60} INFO - Started process 528 to run task
[2026-05-15T23:15:28.143+0000] {standard_task_runner.py:87} INFO - Running: ['airflow', 'tasks', 'run', 'canada_weather_pipeline', 'gold', 'scheduled__2026-05-14T05:00:00+00:00', '--job-id', '9', '--raw', '--subdir', 'DAGS_FOLDER/dags.py', '--cfg-path', '/tmp/tmptl2idrqu']
[2026-05-15T23:15:28.149+0000] {standard_task_runner.py:88} INFO - Job 9: Subtask gold
[2026-05-15T23:15:28.314+0000] {task_command.py:423} INFO - Running <TaskInstance: canada_weather_pipeline.gold scheduled__2026-05-14T05:00:00+00:00 [running]> on host d87b41689c6d
[2026-05-15T23:15:28.554+0000] {taskinstance.py:2480} INFO - Exporting env vars: AIRFLOW_CTX_DAG_OWNER='Mike' AIRFLOW_CTX_DAG_ID='canada_weather_pipeline' AIRFLOW_CTX_TASK_ID='gold' AIRFLOW_CTX_EXECUTION_DATE='2026-05-14T05:00:00+00:00' AIRFLOW_CTX_TRY_NUMBER='1' AIRFLOW_CTX_DAG_RUN_ID='scheduled__2026-05-14T05:00:00+00:00'
[2026-05-15T23:15:28.912+0000] {logging_mixin.py:188} INFO - error to connect duckdb to postgressql: IO Error: Unable to connect to Postgres at host=localhost port=5432 dbname=weather_db user=weather_user password=***: connection to server at "localhost" (127.0.0.1), port 5432 failed: Connection refused
	Is the server running on that host and accepting TCP/IP connections?
connection to server at "localhost" (::1), port 5432 failed: Cannot assign requested address
	Is the server running on that host and accepting TCP/IP connections?
[2026-05-15T23:15:28.915+0000] {logging_mixin.py:188} INFO - failt to build gold {e} 
[2026-05-15T23:15:28.917+0000] {logging_mixin.py:188} INFO - fail to insert data into weather table 
[2026-05-15T23:15:28.919+0000] {logging_mixin.py:188} INFO - fail to insert data into day table Binder Error: Catalog "pg_db" does not exist!
[2026-05-15T23:15:28.920+0000] {logging_mixin.py:188} INFO - fail to insert data into night table Binder Error: Catalog "pg_db" does not exist!
[2026-05-15T23:15:28.922+0000] {logging_mixin.py:188} INFO - fail to insert data into table difference Binder Error: Catalog "pg_db" does not exist!
[2026-05-15T23:15:28.924+0000] {logging_mixin.py:188} INFO - Successful build gold layer
[2026-05-15T23:15:28.932+0000] {python.py:201} INFO - Done. Returned value was: None
[2026-05-15T23:15:28.958+0000] {taskinstance.py:1138} INFO - Marking task as SUCCESS. dag_id=canada_weather_pipeline, task_id=gold, execution_date=20260514T050000, start_date=20260515T231528, end_date=20260515T231528
[2026-05-15T23:15:29.032+0000] {local_task_job_runner.py:234} INFO - Task exited with return code 0
[2026-05-15T23:15:29.102+0000] {taskinstance.py:3280} INFO - 0 downstream tasks scheduled from follow-on schedule check
[2026-05-15T23:44:18.778+0000] {taskinstance.py:1956} INFO - Dependencies all met for dep_context=non-requeueable deps ti=<TaskInstance: canada_weather_pipeline.gold scheduled__2026-05-14T05:00:00+00:00 [queued]>
[2026-05-15T23:44:18.796+0000] {taskinstance.py:1956} INFO - Dependencies all met for dep_context=requeueable deps ti=<TaskInstance: canada_weather_pipeline.gold scheduled__2026-05-14T05:00:00+00:00 [queued]>
[2026-05-15T23:44:18.798+0000] {taskinstance.py:2170} INFO - Starting attempt 1 of 2
[2026-05-15T23:44:18.823+0000] {taskinstance.py:2191} INFO - Executing <Task(PythonOperator): gold> on 2026-05-14 05:00:00+00:00
[2026-05-15T23:44:18.831+0000] {standard_task_runner.py:60} INFO - Started process 532 to run task
[2026-05-15T23:44:18.836+0000] {standard_task_runner.py:87} INFO - Running: ['airflow', 'tasks', 'run', 'canada_weather_pipeline', 'gold', 'scheduled__2026-05-14T05:00:00+00:00', '--job-id', '9', '--raw', '--subdir', 'DAGS_FOLDER/dags.py', '--cfg-path', '/tmp/tmpubvzbisj']
[2026-05-15T23:44:18.840+0000] {standard_task_runner.py:88} INFO - Job 9: Subtask gold
[2026-05-15T23:44:18.947+0000] {task_command.py:423} INFO - Running <TaskInstance: canada_weather_pipeline.gold scheduled__2026-05-14T05:00:00+00:00 [running]> on host ce308bb266fe
[2026-05-15T23:44:19.111+0000] {taskinstance.py:2480} INFO - Exporting env vars: AIRFLOW_CTX_DAG_OWNER='Mike' AIRFLOW_CTX_DAG_ID='canada_weather_pipeline' AIRFLOW_CTX_TASK_ID='gold' AIRFLOW_CTX_EXECUTION_DATE='2026-05-14T05:00:00+00:00' AIRFLOW_CTX_TRY_NUMBER='1' AIRFLOW_CTX_DAG_RUN_ID='scheduled__2026-05-14T05:00:00+00:00'
[2026-05-15T23:44:19.400+0000] {logging_mixin.py:188} INFO - error to connect duckdb to postgressql: IO Error: Unable to connect to Postgres at host=localhost port=5432 dbname=weather_db user=weather_user password=***: connection to server at "localhost" (127.0.0.1), port 5432 failed: Connection refused
	Is the server running on that host and accepting TCP/IP connections?
connection to server at "localhost" (::1), port 5432 failed: Cannot assign requested address
	Is the server running on that host and accepting TCP/IP connections?
[2026-05-15T23:44:19.403+0000] {logging_mixin.py:188} INFO - failt to build gold {e} 
[2026-05-15T23:44:19.406+0000] {logging_mixin.py:188} INFO - fail to insert data into weather table 
[2026-05-15T23:44:19.409+0000] {logging_mixin.py:188} INFO - fail to insert data into day table Binder Error: Catalog "pg_db" does not exist!
[2026-05-15T23:44:19.411+0000] {logging_mixin.py:188} INFO - fail to insert data into night table Binder Error: Catalog "pg_db" does not exist!
[2026-05-15T23:44:19.413+0000] {logging_mixin.py:188} INFO - fail to insert data into table difference Binder Error: Catalog "pg_db" does not exist!
[2026-05-15T23:44:19.414+0000] {logging_mixin.py:188} INFO - Successful build gold layer
[2026-05-15T23:44:19.419+0000] {python.py:201} INFO - Done. Returned value was: None
[2026-05-15T23:44:19.452+0000] {taskinstance.py:1138} INFO - Marking task as SUCCESS. dag_id=canada_weather_pipeline, task_id=gold, execution_date=20260514T050000, start_date=20260515T234418, end_date=20260515T234419
[2026-05-15T23:44:19.495+0000] {local_task_job_runner.py:234} INFO - Task exited with return code 0
[2026-05-15T23:44:19.553+0000] {taskinstance.py:3280} INFO - 0 downstream tasks scheduled from follow-on schedule check
[2026-05-15T23:57:02.121+0000] {taskinstance.py:1956} INFO - Dependencies all met for dep_context=non-requeueable deps ti=<TaskInstance: canada_weather_pipeline.gold scheduled__2026-05-14T05:00:00+00:00 [queued]>
[2026-05-15T23:57:02.140+0000] {taskinstance.py:1956} INFO - Dependencies all met for dep_context=requeueable deps ti=<TaskInstance: canada_weather_pipeline.gold scheduled__2026-05-14T05:00:00+00:00 [queued]>
[2026-05-15T23:57:02.141+0000] {taskinstance.py:2170} INFO - Starting attempt 1 of 2
[2026-05-15T23:57:02.167+0000] {taskinstance.py:2191} INFO - Executing <Task(PythonOperator): gold> on 2026-05-14 05:00:00+00:00
[2026-05-15T23:57:02.175+0000] {standard_task_runner.py:60} INFO - Started process 432 to run task
[2026-05-15T23:57:02.180+0000] {standard_task_runner.py:87} INFO - Running: ['airflow', 'tasks', 'run', 'canada_weather_pipeline', 'gold', 'scheduled__2026-05-14T05:00:00+00:00', '--job-id', '7', '--raw', '--subdir', 'DAGS_FOLDER/dags.py', '--cfg-path', '/tmp/tmpkf_m8r3d']
[2026-05-15T23:57:02.184+0000] {standard_task_runner.py:88} INFO - Job 7: Subtask gold
[2026-05-15T23:57:02.299+0000] {task_command.py:423} INFO - Running <TaskInstance: canada_weather_pipeline.gold scheduled__2026-05-14T05:00:00+00:00 [running]> on host 86ef5fea204b
[2026-05-15T23:57:02.492+0000] {taskinstance.py:2480} INFO - Exporting env vars: AIRFLOW_CTX_DAG_OWNER='Mike' AIRFLOW_CTX_DAG_ID='canada_weather_pipeline' AIRFLOW_CTX_TASK_ID='gold' AIRFLOW_CTX_EXECUTION_DATE='2026-05-14T05:00:00+00:00' AIRFLOW_CTX_TRY_NUMBER='1' AIRFLOW_CTX_DAG_RUN_ID='scheduled__2026-05-14T05:00:00+00:00'
[2026-05-15T23:57:02.824+0000] {logging_mixin.py:188} INFO - error to connect duckdb to postgressql: IO Error: Unable to connect to Postgres at host=localhost port=5432 dbname=weather_db user=weather_user password=***: connection to server at "localhost" (127.0.0.1), port 5432 failed: Connection refused
	Is the server running on that host and accepting TCP/IP connections?
connection to server at "localhost" (::1), port 5432 failed: Cannot assign requested address
	Is the server running on that host and accepting TCP/IP connections?
[2026-05-15T23:57:02.826+0000] {logging_mixin.py:188} INFO - failt to build gold {e} 
[2026-05-15T23:57:02.832+0000] {logging_mixin.py:188} INFO - fail to insert data into weather table 
[2026-05-15T23:57:02.833+0000] {logging_mixin.py:188} INFO - fail to insert data into day table Binder Error: Catalog "pg_db" does not exist!
[2026-05-15T23:57:02.835+0000] {logging_mixin.py:188} INFO - fail to insert data into night table Binder Error: Catalog "pg_db" does not exist!
[2026-05-15T23:57:02.838+0000] {logging_mixin.py:188} INFO - fail to insert data into table difference Binder Error: Catalog "pg_db" does not exist!
[2026-05-15T23:57:02.839+0000] {logging_mixin.py:188} INFO - Successful build gold layer
[2026-05-15T23:57:02.842+0000] {python.py:201} INFO - Done. Returned value was: None
[2026-05-15T23:57:02.874+0000] {taskinstance.py:1138} INFO - Marking task as SUCCESS. dag_id=canada_weather_pipeline, task_id=gold, execution_date=20260514T050000, start_date=20260515T235702, end_date=20260515T235702
[2026-05-15T23:57:02.938+0000] {local_task_job_runner.py:234} INFO - Task exited with return code 0
[2026-05-15T23:57:02.975+0000] {taskinstance.py:3280} INFO - 0 downstream tasks scheduled from follow-on schedule check
