[2026-05-15T21:32:55.062+0000] {manager.py:469} INFO - Processing files using up to 2 processes at a time 
[2026-05-15T21:32:55.152+0000] {manager.py:470} INFO - Process each file at most once every 30 seconds
[2026-05-15T21:32:55.184+0000] {manager.py:471} INFO - Checking for new files in /opt/airflow/dags every 300 seconds
[2026-05-15T21:32:55.226+0000] {manager.py:738} INFO - Searching for files in /opt/airflow/dags
[2026-05-15T21:32:55.269+0000] {manager.py:741} INFO - There are 0 files in /opt/airflow/dags
[2026-05-15T21:35:37.775+0000] {manager.py:451} INFO - Exiting gracefully upon receiving signal 15
[2026-05-15T21:37:49.822+0000] {manager.py:469} INFO - Processing files using up to 2 processes at a time 
[2026-05-15T21:37:49.825+0000] {manager.py:470} INFO - Process each file at most once every 30 seconds
[2026-05-15T21:37:49.827+0000] {manager.py:471} INFO - Checking for new files in /opt/airflow/dags every 300 seconds
[2026-05-15T21:37:49.829+0000] {manager.py:738} INFO - Searching for files in /opt/airflow/dags
[2026-05-15T21:37:49.843+0000] {manager.py:741} INFO - There are 0 files in /opt/airflow/dags
[2026-05-15T21:40:30.518+0000] {manager.py:451} INFO - Exiting gracefully upon receiving signal 15
[2026-05-15T22:13:57.734+0000] {manager.py:469} INFO - Processing files using up to 2 processes at a time 
[2026-05-15T22:13:57.741+0000] {manager.py:470} INFO - Process each file at most once every 30 seconds
[2026-05-15T22:13:57.744+0000] {manager.py:471} INFO - Checking for new files in /opt/airflow/dags every 300 seconds
[2026-05-15T22:13:57.748+0000] {manager.py:738} INFO - Searching for files in /opt/airflow/dags
[2026-05-15T22:13:57.754+0000] {manager.py:741} INFO - There are 0 files in /opt/airflow/dags
[2026-05-15T22:18:57.771+0000] {manager.py:738} INFO - Searching for files in /opt/airflow/dags
[2026-05-15T22:18:57.851+0000] {manager.py:741} INFO - There are 0 files in /opt/airflow/dags
[2026-05-15T22:23:58.092+0000] {manager.py:738} INFO - Searching for files in /opt/airflow/dags
[2026-05-15T22:23:58.104+0000] {manager.py:741} INFO - There are 0 files in /opt/airflow/dags
[2026-05-15T22:27:37.426+0000] {manager.py:451} INFO - Exiting gracefully upon receiving signal 15
[2026-05-15T22:29:39.021+0000] {manager.py:469} INFO - Processing files using up to 2 processes at a time 
[2026-05-15T22:29:39.023+0000] {manager.py:470} INFO - Process each file at most once every 30 seconds
[2026-05-15T22:29:39.025+0000] {manager.py:471} INFO - Checking for new files in /opt/airflow/dags every 300 seconds
[2026-05-15T22:29:39.026+0000] {manager.py:738} INFO - Searching for files in /opt/airflow/dags
[2026-05-15T22:29:39.032+0000] {manager.py:741} INFO - There are 0 files in /opt/airflow/dags
[2026-05-15T22:34:39.214+0000] {manager.py:738} INFO - Searching for files in /opt/airflow/dags
[2026-05-15T22:34:39.243+0000] {manager.py:741} INFO - There are 0 files in /opt/airflow/dags
[2026-05-15T22:39:39.493+0000] {manager.py:738} INFO - Searching for files in /opt/airflow/dags
[2026-05-15T22:39:39.505+0000] {manager.py:741} INFO - There are 0 files in /opt/airflow/dags
[2026-05-15T22:40:50.594+0000] {manager.py:451} INFO - Exiting gracefully upon receiving signal 15
[2026-05-15T22:44:51.375+0000] {manager.py:469} INFO - Processing files using up to 2 processes at a time 
[2026-05-15T22:44:51.380+0000] {manager.py:470} INFO - Process each file at most once every 30 seconds
[2026-05-15T22:44:51.384+0000] {manager.py:471} INFO - Checking for new files in /opt/airflow/dags every 300 seconds
[2026-05-15T22:44:51.386+0000] {manager.py:738} INFO - Searching for files in /opt/airflow/dags
[2026-05-15T22:44:51.496+0000] {manager.py:741} INFO - There are 1 files in /opt/airflow/dags
[2026-05-15T22:44:52.187+0000] {manager.py:879} INFO - 
================================================================================
DAG File Processing Stats

File Path                    PID  Runtime      # DAGs    # Errors  Last Runtime    Last Run
-------------------------  -----  ---------  --------  ----------  --------------  ----------
/opt/airflow/dags/dags.py    158  0.39s             0           0
================================================================================
[2026-05-15T22:45:23.128+0000] {manager.py:879} INFO - 
================================================================================
DAG File Processing Stats

File Path                    PID  Runtime      # DAGs    # Errors  Last Runtime    Last Run
-------------------------  -----  ---------  --------  ----------  --------------  -------------------
/opt/airflow/dags/dags.py    164  0.43s             0           1  0.64s           2026-05-15T22:44:52
================================================================================
[2026-05-15T22:45:50.261+0000] {manager.py:451} INFO - Exiting gracefully upon receiving signal 15
[2026-05-15T22:48:09.493+0000] {manager.py:469} INFO - Processing files using up to 2 processes at a time 
[2026-05-15T22:48:09.501+0000] {manager.py:470} INFO - Process each file at most once every 30 seconds
[2026-05-15T22:48:09.508+0000] {manager.py:471} INFO - Checking for new files in /opt/airflow/dags every 300 seconds
[2026-05-15T22:48:09.512+0000] {manager.py:738} INFO - Searching for files in /opt/airflow/dags
[2026-05-15T22:48:09.539+0000] {manager.py:741} INFO - There are 1 files in /opt/airflow/dags
[2026-05-15T22:48:09.827+0000] {manager.py:879} INFO - 
================================================================================
DAG File Processing Stats

File Path                    PID  Runtime      # DAGs    # Errors  Last Runtime    Last Run
-------------------------  -----  ---------  --------  ----------  --------------  ----------
/opt/airflow/dags/dags.py    159  0.14s             0           0
================================================================================
[2026-05-15T22:48:39.958+0000] {manager.py:879} INFO - 
================================================================================
DAG File Processing Stats

File Path                  PID    Runtime      # DAGs    # Errors  Last Runtime    Last Run
-------------------------  -----  ---------  --------  ----------  --------------  -------------------
/opt/airflow/dags/dags.py                           1           0  0.90s           2026-05-15T22:48:25
================================================================================
[2026-05-15T22:49:10.098+0000] {manager.py:879} INFO - 
================================================================================
DAG File Processing Stats

File Path                  PID    Runtime      # DAGs    # Errors  Last Runtime    Last Run
-------------------------  -----  ---------  --------  ----------  --------------  -------------------
/opt/airflow/dags/dags.py                           1           0  0.58s           2026-05-15T22:48:55
================================================================================
[2026-05-15T22:49:40.276+0000] {manager.py:879} INFO - 
================================================================================
DAG File Processing Stats

File Path                  PID    Runtime      # DAGs    # Errors  Last Runtime    Last Run
-------------------------  -----  ---------  --------  ----------  --------------  -------------------
/opt/airflow/dags/dags.py                           1           0  0.24s           2026-05-15T22:49:26
================================================================================
[2026-05-15T22:50:11.073+0000] {manager.py:879} INFO - 
================================================================================
DAG File Processing Stats

File Path                  PID    Runtime      # DAGs    # Errors  Last Runtime    Last Run
-------------------------  -----  ---------  --------  ----------  --------------  -------------------
/opt/airflow/dags/dags.py                           1           0  0.26s           2026-05-15T22:49:56
================================================================================
[2026-05-15T22:50:42.049+0000] {manager.py:879} INFO - 
================================================================================
DAG File Processing Stats

File Path                  PID    Runtime      # DAGs    # Errors  Last Runtime    Last Run
-------------------------  -----  ---------  --------  ----------  --------------  -------------------
/opt/airflow/dags/dags.py                           1           0  0.22s           2026-05-15T22:50:27
================================================================================
[2026-05-15T22:51:12.500+0000] {manager.py:879} INFO - 
================================================================================
DAG File Processing Stats

File Path                  PID    Runtime      # DAGs    # Errors  Last Runtime    Last Run
-------------------------  -----  ---------  --------  ----------  --------------  -------------------
/opt/airflow/dags/dags.py                           1           0  10.56s          2026-05-15T22:51:08
================================================================================
[2026-05-15T22:51:42.748+0000] {manager.py:879} INFO - 
================================================================================
DAG File Processing Stats

File Path                    PID  Runtime      # DAGs    # Errors  Last Runtime    Last Run
-------------------------  -----  ---------  --------  ----------  --------------  -------------------
/opt/airflow/dags/dags.py    201  3.51s             1           0  10.56s          2026-05-15T22:51:08
================================================================================
[2026-05-15T22:52:13.609+0000] {manager.py:879} INFO - 
================================================================================
DAG File Processing Stats

File Path                  PID    Runtime      # DAGs    # Errors  Last Runtime    Last Run
-------------------------  -----  ---------  --------  ----------  --------------  -------------------
/opt/airflow/dags/dags.py                           1           0  11.79s          2026-05-15T22:51:50
================================================================================
[2026-05-15T22:52:43.934+0000] {manager.py:879} INFO - 
================================================================================
DAG File Processing Stats

File Path                  PID    Runtime      # DAGs    # Errors  Last Runtime    Last Run
-------------------------  -----  ---------  --------  ----------  --------------  -------------------
/opt/airflow/dags/dags.py                           1           0  1.04s           2026-05-15T22:52:22
================================================================================
[2026-05-15T22:53:09.519+0000] {manager.py:738} INFO - Searching for files in /opt/airflow/dags
[2026-05-15T22:53:09.555+0000] {manager.py:741} INFO - There are 1 files in /opt/airflow/dags
[2026-05-15T22:53:14.207+0000] {manager.py:879} INFO - 
================================================================================
DAG File Processing Stats

File Path                  PID    Runtime      # DAGs    # Errors  Last Runtime    Last Run
-------------------------  -----  ---------  --------  ----------  --------------  -------------------
/opt/airflow/dags/dags.py                           1           0  0.34s           2026-05-15T22:52:53
================================================================================
[2026-05-15T22:53:44.904+0000] {manager.py:879} INFO - 
================================================================================
DAG File Processing Stats

File Path                  PID    Runtime      # DAGs    # Errors  Last Runtime    Last Run
-------------------------  -----  ---------  --------  ----------  --------------  -------------------
/opt/airflow/dags/dags.py                           1           0  1.19s           2026-05-15T22:53:24
================================================================================
[2026-05-15T22:54:15.480+0000] {manager.py:879} INFO - 
================================================================================
DAG File Processing Stats

File Path                  PID    Runtime      # DAGs    # Errors  Last Runtime    Last Run
-------------------------  -----  ---------  --------  ----------  --------------  -------------------
/opt/airflow/dags/dags.py                           1           0  0.21s           2026-05-15T22:53:55
================================================================================
[2026-05-15T22:54:46.506+0000] {manager.py:879} INFO - 
================================================================================
DAG File Processing Stats

File Path                  PID    Runtime      # DAGs    # Errors  Last Runtime    Last Run
-------------------------  -----  ---------  --------  ----------  --------------  -------------------
/opt/airflow/dags/dags.py                           1           0  0.25s           2026-05-15T22:54:25
================================================================================
[2026-05-15T22:55:16.967+0000] {manager.py:879} INFO - 
================================================================================
DAG File Processing Stats

File Path                  PID    Runtime      # DAGs    # Errors  Last Runtime    Last Run
-------------------------  -----  ---------  --------  ----------  --------------  -------------------
/opt/airflow/dags/dags.py                           1           0  0.23s           2026-05-15T22:54:56
================================================================================
[2026-05-15T22:55:47.136+0000] {manager.py:879} INFO - 
================================================================================
DAG File Processing Stats

File Path                  PID    Runtime      # DAGs    # Errors  Last Runtime    Last Run
-------------------------  -----  ---------  --------  ----------  --------------  -------------------
/opt/airflow/dags/dags.py                           1           0  0.40s           2026-05-15T22:55:27
================================================================================
[2026-05-15T22:56:17.668+0000] {manager.py:879} INFO - 
================================================================================
DAG File Processing Stats

File Path                  PID    Runtime      # DAGs    # Errors  Last Runtime    Last Run
-------------------------  -----  ---------  --------  ----------  --------------  -------------------
/opt/airflow/dags/dags.py                           1           0  0.68s           2026-05-15T22:55:58
================================================================================
[2026-05-15T22:56:48.949+0000] {manager.py:879} INFO - 
================================================================================
DAG File Processing Stats

File Path                  PID    Runtime      # DAGs    # Errors  Last Runtime    Last Run
-------------------------  -----  ---------  --------  ----------  --------------  -------------------
/opt/airflow/dags/dags.py                           1           0  0.33s           2026-05-15T22:56:29
================================================================================
[2026-05-15T22:57:19.960+0000] {manager.py:879} INFO - 
================================================================================
DAG File Processing Stats

File Path                  PID    Runtime      # DAGs    # Errors  Last Runtime    Last Run
-------------------------  -----  ---------  --------  ----------  --------------  -------------------
/opt/airflow/dags/dags.py                           1           0  0.35s           2026-05-15T22:57:00
================================================================================
[2026-05-15T22:57:50.560+0000] {manager.py:879} INFO - 
================================================================================
DAG File Processing Stats

File Path                  PID    Runtime      # DAGs    # Errors  Last Runtime    Last Run
-------------------------  -----  ---------  --------  ----------  --------------  -------------------
/opt/airflow/dags/dags.py                           1           0  0.21s           2026-05-15T22:57:31
================================================================================
[2026-05-15T22:58:09.772+0000] {manager.py:738} INFO - Searching for files in /opt/airflow/dags
[2026-05-15T22:58:09.808+0000] {manager.py:741} INFO - There are 1 files in /opt/airflow/dags
[2026-05-15T22:58:20.922+0000] {manager.py:879} INFO - 
================================================================================
DAG File Processing Stats

File Path                  PID    Runtime      # DAGs    # Errors  Last Runtime    Last Run
-------------------------  -----  ---------  --------  ----------  --------------  -------------------
/opt/airflow/dags/dags.py                           1           0  0.43s           2026-05-15T22:58:02
================================================================================
[2026-05-15T22:58:51.124+0000] {manager.py:879} INFO - 
================================================================================
DAG File Processing Stats

File Path                  PID    Runtime      # DAGs    # Errors  Last Runtime    Last Run
-------------------------  -----  ---------  --------  ----------  --------------  -------------------
/opt/airflow/dags/dags.py                           1           0  0.75s           2026-05-15T22:58:33
================================================================================
[2026-05-15T22:59:21.171+0000] {manager.py:879} INFO - 
================================================================================
DAG File Processing Stats

File Path                  PID    Runtime      # DAGs    # Errors  Last Runtime    Last Run
-------------------------  -----  ---------  --------  ----------  --------------  -------------------
/opt/airflow/dags/dags.py                           1           0  0.40s           2026-05-15T22:59:03
================================================================================
[2026-05-15T22:59:51.581+0000] {manager.py:879} INFO - 
================================================================================
DAG File Processing Stats

File Path                  PID    Runtime      # DAGs    # Errors  Last Runtime    Last Run
-------------------------  -----  ---------  --------  ----------  --------------  -------------------
/opt/airflow/dags/dags.py                           1           0  0.39s           2026-05-15T22:59:34
================================================================================
[2026-05-15T23:00:21.821+0000] {manager.py:879} INFO - 
================================================================================
DAG File Processing Stats

File Path                  PID    Runtime      # DAGs    # Errors  Last Runtime    Last Run
-------------------------  -----  ---------  --------  ----------  --------------  -------------------
/opt/airflow/dags/dags.py                           1           0  0.35s           2026-05-15T23:00:05
================================================================================
[2026-05-15T23:00:52.454+0000] {manager.py:879} INFO - 
================================================================================
DAG File Processing Stats

File Path                  PID    Runtime      # DAGs    # Errors  Last Runtime    Last Run
-------------------------  -----  ---------  --------  ----------  --------------  -------------------
/opt/airflow/dags/dags.py                           1           0  0.76s           2026-05-15T23:00:36
================================================================================
[2026-05-15T23:01:22.828+0000] {manager.py:879} INFO - 
================================================================================
DAG File Processing Stats

File Path                  PID    Runtime      # DAGs    # Errors  Last Runtime    Last Run
-------------------------  -----  ---------  --------  ----------  --------------  -------------------
/opt/airflow/dags/dags.py                           1           0  0.28s           2026-05-15T23:01:06
================================================================================
[2026-05-15T23:01:53.227+0000] {manager.py:879} INFO - 
================================================================================
DAG File Processing Stats

File Path                  PID    Runtime      # DAGs    # Errors  Last Runtime    Last Run
-------------------------  -----  ---------  --------  ----------  --------------  -------------------
/opt/airflow/dags/dags.py                           1           0  0.24s           2026-05-15T23:01:37
================================================================================
[2026-05-15T23:02:23.831+0000] {manager.py:879} INFO - 
================================================================================
DAG File Processing Stats

File Path                  PID    Runtime      # DAGs    # Errors  Last Runtime    Last Run
-------------------------  -----  ---------  --------  ----------  --------------  -------------------
/opt/airflow/dags/dags.py                           1           0  0.49s           2026-05-15T23:02:07
================================================================================
[2026-05-15T23:02:54.484+0000] {manager.py:879} INFO - 
================================================================================
DAG File Processing Stats

File Path                  PID    Runtime      # DAGs    # Errors  Last Runtime    Last Run
-------------------------  -----  ---------  --------  ----------  --------------  -------------------
/opt/airflow/dags/dags.py                           1           0  0.37s           2026-05-15T23:02:38
================================================================================
[2026-05-15T23:03:09.876+0000] {manager.py:738} INFO - Searching for files in /opt/airflow/dags
[2026-05-15T23:03:09.908+0000] {manager.py:741} INFO - There are 1 files in /opt/airflow/dags
[2026-05-15T23:03:25.183+0000] {manager.py:879} INFO - 
================================================================================
DAG File Processing Stats

File Path                  PID    Runtime      # DAGs    # Errors  Last Runtime    Last Run
-------------------------  -----  ---------  --------  ----------  --------------  -------------------
/opt/airflow/dags/dags.py                           1           0  0.27s           2026-05-15T23:03:08
================================================================================
[2026-05-15T23:03:55.656+0000] {manager.py:879} INFO - 
================================================================================
DAG File Processing Stats

File Path                  PID    Runtime      # DAGs    # Errors  Last Runtime    Last Run
-------------------------  -----  ---------  --------  ----------  --------------  -------------------
/opt/airflow/dags/dags.py                           1           0  0.24s           2026-05-15T23:03:39
================================================================================
[2026-05-15T23:04:26.356+0000] {manager.py:879} INFO - 
================================================================================
DAG File Processing Stats

File Path                  PID    Runtime      # DAGs    # Errors  Last Runtime    Last Run
-------------------------  -----  ---------  --------  ----------  --------------  -------------------
/opt/airflow/dags/dags.py                           1           0  0.26s           2026-05-15T23:04:10
================================================================================
[2026-05-15T23:04:56.893+0000] {manager.py:879} INFO - 
================================================================================
DAG File Processing Stats

File Path                  PID    Runtime      # DAGs    # Errors  Last Runtime    Last Run
-------------------------  -----  ---------  --------  ----------  --------------  -------------------
/opt/airflow/dags/dags.py                           1           0  0.35s           2026-05-15T23:04:40
================================================================================
[2026-05-15T23:05:27.825+0000] {manager.py:879} INFO - 
================================================================================
DAG File Processing Stats

File Path                  PID    Runtime      # DAGs    # Errors  Last Runtime    Last Run
-------------------------  -----  ---------  --------  ----------  --------------  -------------------
/opt/airflow/dags/dags.py                           1           0  0.24s           2026-05-15T23:05:11
================================================================================
[2026-05-15T23:05:58.025+0000] {manager.py:879} INFO - 
================================================================================
DAG File Processing Stats

File Path                  PID    Runtime      # DAGs    # Errors  Last Runtime    Last Run
-------------------------  -----  ---------  --------  ----------  --------------  -------------------
/opt/airflow/dags/dags.py                           1           0  0.47s           2026-05-15T23:05:41
================================================================================
[2026-05-15T23:06:23.938+0000] {manager.py:451} INFO - Exiting gracefully upon receiving signal 15
[2026-05-15T23:12:54.477+0000] {manager.py:469} INFO - Processing files using up to 2 processes at a time 
[2026-05-15T23:12:54.481+0000] {manager.py:470} INFO - Process each file at most once every 30 seconds
[2026-05-15T23:12:54.484+0000] {manager.py:471} INFO - Checking for new files in /opt/airflow/dags every 300 seconds
[2026-05-15T23:12:54.486+0000] {manager.py:738} INFO - Searching for files in /opt/airflow/dags
[2026-05-15T23:12:54.512+0000] {manager.py:741} INFO - There are 1 files in /opt/airflow/dags
[2026-05-15T23:12:55.128+0000] {manager.py:879} INFO - 
================================================================================
DAG File Processing Stats

File Path                    PID  Runtime      # DAGs    # Errors  Last Runtime    Last Run
-------------------------  -----  ---------  --------  ----------  --------------  ----------
/opt/airflow/dags/dags.py    160  0.28s             0           0
================================================================================
[2026-05-15T23:13:25.180+0000] {manager.py:879} INFO - 
================================================================================
DAG File Processing Stats

File Path                  PID    Runtime      # DAGs    # Errors  Last Runtime    Last Run
-------------------------  -----  ---------  --------  ----------  --------------  -------------------
/opt/airflow/dags/dags.py                           1           0  1.27s           2026-05-15T23:12:56
================================================================================
[2026-05-15T23:13:55.862+0000] {manager.py:879} INFO - 
================================================================================
DAG File Processing Stats

File Path                  PID    Runtime      # DAGs    # Errors  Last Runtime    Last Run
-------------------------  -----  ---------  --------  ----------  --------------  -------------------
/opt/airflow/dags/dags.py                           1           0  1.11s           2026-05-15T23:13:27
================================================================================
[2026-05-15T23:14:26.317+0000] {manager.py:879} INFO - 
================================================================================
DAG File Processing Stats

File Path                  PID    Runtime      # DAGs    # Errors  Last Runtime    Last Run
-------------------------  -----  ---------  --------  ----------  --------------  -------------------
/opt/airflow/dags/dags.py                           1           0  1.82s           2026-05-15T23:13:59
================================================================================
[2026-05-15T23:14:56.904+0000] {manager.py:879} INFO - 
================================================================================
DAG File Processing Stats

File Path                  PID    Runtime      # DAGs    # Errors  Last Runtime    Last Run
-------------------------  -----  ---------  --------  ----------  --------------  -------------------
/opt/airflow/dags/dags.py                           1           0  0.60s           2026-05-15T23:14:30
================================================================================
[2026-05-15T23:15:27.140+0000] {manager.py:879} INFO - 
================================================================================
DAG File Processing Stats

File Path                  PID    Runtime      # DAGs    # Errors  Last Runtime    Last Run
-------------------------  -----  ---------  --------  ----------  --------------  -------------------
/opt/airflow/dags/dags.py                           1           0  0.74s           2026-05-15T23:15:01
================================================================================
[2026-05-15T23:15:57.819+0000] {manager.py:879} INFO - 
================================================================================
DAG File Processing Stats

File Path                  PID    Runtime      # DAGs    # Errors  Last Runtime    Last Run
-------------------------  -----  ---------  --------  ----------  --------------  -------------------
/opt/airflow/dags/dags.py                           1           0  0.32s           2026-05-15T23:15:32
================================================================================
[2026-05-15T23:16:28.058+0000] {manager.py:879} INFO - 
================================================================================
DAG File Processing Stats

File Path                  PID    Runtime      # DAGs    # Errors  Last Runtime    Last Run
-------------------------  -----  ---------  --------  ----------  --------------  -------------------
/opt/airflow/dags/dags.py                           1           0  0.20s           2026-05-15T23:16:03
================================================================================
[2026-05-15T23:16:59.017+0000] {manager.py:879} INFO - 
================================================================================
DAG File Processing Stats

File Path                  PID    Runtime      # DAGs    # Errors  Last Runtime    Last Run
-------------------------  -----  ---------  --------  ----------  --------------  -------------------
/opt/airflow/dags/dags.py                           1           0  0.35s           2026-05-15T23:16:33
================================================================================
[2026-05-15T23:17:29.340+0000] {manager.py:879} INFO - 
================================================================================
DAG File Processing Stats

File Path                  PID    Runtime      # DAGs    # Errors  Last Runtime    Last Run
-------------------------  -----  ---------  --------  ----------  --------------  -------------------
/opt/airflow/dags/dags.py                           1           0  0.24s           2026-05-15T23:17:04
================================================================================
[2026-05-15T23:17:54.954+0000] {manager.py:738} INFO - Searching for files in /opt/airflow/dags
[2026-05-15T23:17:54.975+0000] {manager.py:741} INFO - There are 1 files in /opt/airflow/dags
[2026-05-15T23:18:00.065+0000] {manager.py:879} INFO - 
================================================================================
DAG File Processing Stats

File Path                  PID    Runtime      # DAGs    # Errors  Last Runtime    Last Run
-------------------------  -----  ---------  --------  ----------  --------------  -------------------
/opt/airflow/dags/dags.py                           1           0  0.35s           2026-05-15T23:17:34
================================================================================
[2026-05-15T23:18:30.832+0000] {manager.py:879} INFO - 
================================================================================
DAG File Processing Stats

File Path                  PID    Runtime      # DAGs    # Errors  Last Runtime    Last Run
-------------------------  -----  ---------  --------  ----------  --------------  -------------------
/opt/airflow/dags/dags.py                           1           0  0.42s           2026-05-15T23:18:05
================================================================================
[2026-05-15T23:19:01.383+0000] {manager.py:879} INFO - 
================================================================================
DAG File Processing Stats

File Path                  PID    Runtime      # DAGs    # Errors  Last Runtime    Last Run
-------------------------  -----  ---------  --------  ----------  --------------  -------------------
/opt/airflow/dags/dags.py                           1           0  0.21s           2026-05-15T23:18:36
================================================================================
[2026-05-15T23:19:31.931+0000] {manager.py:879} INFO - 
================================================================================
DAG File Processing Stats

File Path                  PID    Runtime      # DAGs    # Errors  Last Runtime    Last Run
-------------------------  -----  ---------  --------  ----------  --------------  -------------------
/opt/airflow/dags/dags.py                           1           0  0.93s           2026-05-15T23:19:07
================================================================================
[2026-05-15T23:20:02.902+0000] {manager.py:879} INFO - 
================================================================================
DAG File Processing Stats

File Path                  PID    Runtime      # DAGs    # Errors  Last Runtime    Last Run
-------------------------  -----  ---------  --------  ----------  --------------  -------------------
/opt/airflow/dags/dags.py                           1           0  1.47s           2026-05-15T23:19:39
================================================================================
[2026-05-15T23:20:33.042+0000] {manager.py:879} INFO - 
================================================================================
DAG File Processing Stats

File Path                  PID    Runtime      # DAGs    # Errors  Last Runtime    Last Run
-------------------------  -----  ---------  --------  ----------  --------------  -------------------
/opt/airflow/dags/dags.py                           1           0  0.31s           2026-05-15T23:20:10
================================================================================
[2026-05-15T23:21:03.428+0000] {manager.py:879} INFO - 
================================================================================
DAG File Processing Stats

File Path                  PID    Runtime      # DAGs    # Errors  Last Runtime    Last Run
-------------------------  -----  ---------  --------  ----------  --------------  -------------------
/opt/airflow/dags/dags.py                           1           0  0.70s           2026-05-15T23:20:41
================================================================================
[2026-05-15T23:21:34.165+0000] {manager.py:879} INFO - 
================================================================================
DAG File Processing Stats

File Path                  PID    Runtime      # DAGs    # Errors  Last Runtime    Last Run
-------------------------  -----  ---------  --------  ----------  --------------  -------------------
/opt/airflow/dags/dags.py                           1           0  0.28s           2026-05-15T23:21:11
================================================================================
[2026-05-15T23:22:04.562+0000] {manager.py:879} INFO - 
================================================================================
DAG File Processing Stats

File Path                  PID    Runtime      # DAGs    # Errors  Last Runtime    Last Run
-------------------------  -----  ---------  --------  ----------  --------------  -------------------
/opt/airflow/dags/dags.py                           1           0  0.48s           2026-05-15T23:21:42
================================================================================
[2026-05-15T23:22:34.875+0000] {manager.py:879} INFO - 
================================================================================
DAG File Processing Stats

File Path                  PID    Runtime      # DAGs    # Errors  Last Runtime    Last Run
-------------------------  -----  ---------  --------  ----------  --------------  -------------------
/opt/airflow/dags/dags.py                           1           0  0.63s           2026-05-15T23:22:13
================================================================================
[2026-05-15T23:22:55.242+0000] {manager.py:738} INFO - Searching for files in /opt/airflow/dags
[2026-05-15T23:22:55.265+0000] {manager.py:741} INFO - There are 1 files in /opt/airflow/dags
[2026-05-15T23:23:05.617+0000] {manager.py:879} INFO - 
================================================================================
DAG File Processing Stats

File Path                  PID    Runtime      # DAGs    # Errors  Last Runtime    Last Run
-------------------------  -----  ---------  --------  ----------  --------------  -------------------
/opt/airflow/dags/dags.py                           1           0  0.36s           2026-05-15T23:22:44
================================================================================
[2026-05-15T23:23:35.699+0000] {manager.py:879} INFO - 
================================================================================
DAG File Processing Stats

File Path                  PID    Runtime      # DAGs    # Errors  Last Runtime    Last Run
-------------------------  -----  ---------  --------  ----------  --------------  -------------------
/opt/airflow/dags/dags.py                           1           0  0.63s           2026-05-15T23:23:15
================================================================================
[2026-05-15T23:24:05.722+0000] {manager.py:879} INFO - 
================================================================================
DAG File Processing Stats

File Path                  PID    Runtime      # DAGs    # Errors  Last Runtime    Last Run
-------------------------  -----  ---------  --------  ----------  --------------  -------------------
/opt/airflow/dags/dags.py                           1           0  0.22s           2026-05-15T23:23:45
================================================================================
[2026-05-15T23:24:35.808+0000] {manager.py:879} INFO - 
================================================================================
DAG File Processing Stats

File Path                  PID    Runtime      # DAGs    # Errors  Last Runtime    Last Run
-------------------------  -----  ---------  --------  ----------  --------------  -------------------
/opt/airflow/dags/dags.py                           1           0  0.24s           2026-05-15T23:24:16
================================================================================
[2026-05-15T23:25:06.382+0000] {manager.py:879} INFO - 
================================================================================
DAG File Processing Stats

File Path                  PID    Runtime      # DAGs    # Errors  Last Runtime    Last Run
-------------------------  -----  ---------  --------  ----------  --------------  -------------------
/opt/airflow/dags/dags.py                           1           0  0.27s           2026-05-15T23:24:47
================================================================================
[2026-05-15T23:25:36.699+0000] {manager.py:879} INFO - 
================================================================================
DAG File Processing Stats

File Path                  PID    Runtime      # DAGs    # Errors  Last Runtime    Last Run
-------------------------  -----  ---------  --------  ----------  --------------  -------------------
/opt/airflow/dags/dags.py                           1           0  0.26s           2026-05-15T23:25:17
================================================================================
[2026-05-15T23:26:07.005+0000] {manager.py:879} INFO - 
================================================================================
DAG File Processing Stats

File Path                  PID    Runtime      # DAGs    # Errors  Last Runtime    Last Run
-------------------------  -----  ---------  --------  ----------  --------------  -------------------
/opt/airflow/dags/dags.py                           1           0  0.20s           2026-05-15T23:25:48
================================================================================
[2026-05-15T23:26:37.603+0000] {manager.py:879} INFO - 
================================================================================
DAG File Processing Stats

File Path                  PID    Runtime      # DAGs    # Errors  Last Runtime    Last Run
-------------------------  -----  ---------  --------  ----------  --------------  -------------------
/opt/airflow/dags/dags.py                           1           0  0.58s           2026-05-15T23:26:18
================================================================================
[2026-05-15T23:27:08.407+0000] {manager.py:879} INFO - 
================================================================================
DAG File Processing Stats

File Path                  PID    Runtime      # DAGs    # Errors  Last Runtime    Last Run
-------------------------  -----  ---------  --------  ----------  --------------  -------------------
/opt/airflow/dags/dags.py                           1           0  0.22s           2026-05-15T23:26:49
================================================================================
[2026-05-15T23:27:38.903+0000] {manager.py:879} INFO - 
================================================================================
DAG File Processing Stats

File Path                  PID    Runtime      # DAGs    # Errors  Last Runtime    Last Run
-------------------------  -----  ---------  --------  ----------  --------------  -------------------
/opt/airflow/dags/dags.py                           1           0  0.30s           2026-05-15T23:27:19
================================================================================
[2026-05-15T23:27:55.279+0000] {manager.py:738} INFO - Searching for files in /opt/airflow/dags
[2026-05-15T23:27:55.589+0000] {manager.py:741} INFO - There are 1 files in /opt/airflow/dags
[2026-05-15T23:28:09.331+0000] {manager.py:879} INFO - 
================================================================================
DAG File Processing Stats

File Path                  PID    Runtime      # DAGs    # Errors  Last Runtime    Last Run
-------------------------  -----  ---------  --------  ----------  --------------  -------------------
/opt/airflow/dags/dags.py                           1           0  2.06s           2026-05-15T23:27:52
================================================================================
[2026-05-15T23:28:39.836+0000] {manager.py:879} INFO - 
================================================================================
DAG File Processing Stats

File Path                  PID    Runtime      # DAGs    # Errors  Last Runtime    Last Run
-------------------------  -----  ---------  --------  ----------  --------------  -------------------
/opt/airflow/dags/dags.py                           1           0  1.18s           2026-05-15T23:28:23
================================================================================
[2026-05-15T23:29:10.802+0000] {manager.py:879} INFO - 
================================================================================
DAG File Processing Stats

File Path                  PID    Runtime      # DAGs    # Errors  Last Runtime    Last Run
-------------------------  -----  ---------  --------  ----------  --------------  -------------------
/opt/airflow/dags/dags.py                           1           0  0.47s           2026-05-15T23:28:54
================================================================================
[2026-05-15T23:29:41.564+0000] {manager.py:879} INFO - 
================================================================================
DAG File Processing Stats

File Path                  PID    Runtime      # DAGs    # Errors  Last Runtime    Last Run
-------------------------  -----  ---------  --------  ----------  --------------  -------------------
/opt/airflow/dags/dags.py                           1           0  0.55s           2026-05-15T23:29:25
================================================================================
[2026-05-15T23:30:11.633+0000] {manager.py:879} INFO - 
================================================================================
DAG File Processing Stats

File Path                  PID    Runtime      # DAGs    # Errors  Last Runtime    Last Run
-------------------------  -----  ---------  --------  ----------  --------------  -------------------
/opt/airflow/dags/dags.py                           1           0  1.28s           2026-05-15T23:29:57
================================================================================
[2026-05-15T23:30:42.357+0000] {manager.py:879} INFO - 
================================================================================
DAG File Processing Stats

File Path                  PID    Runtime      # DAGs    # Errors  Last Runtime    Last Run
-------------------------  -----  ---------  --------  ----------  --------------  -------------------
/opt/airflow/dags/dags.py                           1           0  0.31s           2026-05-15T23:30:28
================================================================================
[2026-05-15T23:31:12.753+0000] {manager.py:879} INFO - 
================================================================================
DAG File Processing Stats

File Path                  PID    Runtime      # DAGs    # Errors  Last Runtime    Last Run
-------------------------  -----  ---------  --------  ----------  --------------  -------------------
/opt/airflow/dags/dags.py                           1           0  0.25s           2026-05-15T23:30:58
================================================================================
[2026-05-15T23:31:43.198+0000] {manager.py:879} INFO - 
================================================================================
DAG File Processing Stats

File Path                  PID    Runtime      # DAGs    # Errors  Last Runtime    Last Run
-------------------------  -----  ---------  --------  ----------  --------------  -------------------
/opt/airflow/dags/dags.py                           1           0  0.30s           2026-05-15T23:31:29
================================================================================
[2026-05-15T23:32:14.120+0000] {manager.py:879} INFO - 
================================================================================
DAG File Processing Stats

File Path                  PID    Runtime      # DAGs    # Errors  Last Runtime    Last Run
-------------------------  -----  ---------  --------  ----------  --------------  -------------------
/opt/airflow/dags/dags.py                           1           0  1.43s           2026-05-15T23:32:00
================================================================================
[2026-05-15T23:32:45.015+0000] {manager.py:879} INFO - 
================================================================================
DAG File Processing Stats

File Path                  PID    Runtime      # DAGs    # Errors  Last Runtime    Last Run
-------------------------  -----  ---------  --------  ----------  --------------  -------------------
/opt/airflow/dags/dags.py                           1           0  0.24s           2026-05-15T23:32:31
================================================================================
[2026-05-15T23:32:55.662+0000] {manager.py:738} INFO - Searching for files in /opt/airflow/dags
[2026-05-15T23:32:55.699+0000] {manager.py:741} INFO - There are 1 files in /opt/airflow/dags
[2026-05-15T23:33:15.032+0000] {manager.py:879} INFO - 
================================================================================
DAG File Processing Stats

File Path                  PID    Runtime      # DAGs    # Errors  Last Runtime    Last Run
-------------------------  -----  ---------  --------  ----------  --------------  -------------------
/opt/airflow/dags/dags.py                           1           0  0.66s           2026-05-15T23:33:01
================================================================================
[2026-05-15T23:33:45.164+0000] {manager.py:879} INFO - 
================================================================================
DAG File Processing Stats

File Path                  PID    Runtime      # DAGs    # Errors  Last Runtime    Last Run
-------------------------  -----  ---------  --------  ----------  --------------  -------------------
/opt/airflow/dags/dags.py                           1           0  0.89s           2026-05-15T23:33:33
================================================================================
[2026-05-15T23:34:15.744+0000] {manager.py:879} INFO - 
================================================================================
DAG File Processing Stats

File Path                  PID    Runtime      # DAGs    # Errors  Last Runtime    Last Run
-------------------------  -----  ---------  --------  ----------  --------------  -------------------
/opt/airflow/dags/dags.py                           1           0  0.26s           2026-05-15T23:34:03
================================================================================
[2026-05-15T23:34:46.185+0000] {manager.py:879} INFO - 
================================================================================
DAG File Processing Stats

File Path                  PID    Runtime      # DAGs    # Errors  Last Runtime    Last Run
-------------------------  -----  ---------  --------  ----------  --------------  -------------------
/opt/airflow/dags/dags.py                           1           0  0.49s           2026-05-15T23:34:34
================================================================================
[2026-05-15T23:35:16.974+0000] {manager.py:879} INFO - 
================================================================================
DAG File Processing Stats

File Path                  PID    Runtime      # DAGs    # Errors  Last Runtime    Last Run
-------------------------  -----  ---------  --------  ----------  --------------  -------------------
/opt/airflow/dags/dags.py                           1           0  0.26s           2026-05-15T23:35:05
================================================================================
[2026-05-15T23:35:47.734+0000] {manager.py:879} INFO - 
================================================================================
DAG File Processing Stats

File Path                  PID    Runtime      # DAGs    # Errors  Last Runtime    Last Run
-------------------------  -----  ---------  --------  ----------  --------------  -------------------
/opt/airflow/dags/dags.py                           1           0  0.28s           2026-05-15T23:35:35
================================================================================
[2026-05-15T23:36:04.830+0000] {manager.py:451} INFO - Exiting gracefully upon receiving signal 15
[2026-05-15T23:41:26.570+0000] {manager.py:469} INFO - Processing files using up to 2 processes at a time 
[2026-05-15T23:41:26.575+0000] {manager.py:470} INFO - Process each file at most once every 30 seconds
[2026-05-15T23:41:26.579+0000] {manager.py:471} INFO - Checking for new files in /opt/airflow/dags every 300 seconds
[2026-05-15T23:41:26.582+0000] {manager.py:738} INFO - Searching for files in /opt/airflow/dags
[2026-05-15T23:41:26.606+0000] {manager.py:741} INFO - There are 1 files in /opt/airflow/dags
[2026-05-15T23:41:27.084+0000] {manager.py:879} INFO - 
================================================================================
DAG File Processing Stats

File Path                    PID  Runtime      # DAGs    # Errors  Last Runtime    Last Run
-------------------------  -----  ---------  --------  ----------  --------------  ----------
/opt/airflow/dags/dags.py    159  0.21s             0           0
================================================================================
[2026-05-15T23:41:57.359+0000] {manager.py:879} INFO - 
================================================================================
DAG File Processing Stats

File Path                  PID    Runtime      # DAGs    # Errors  Last Runtime    Last Run
-------------------------  -----  ---------  --------  ----------  --------------  -------------------
/opt/airflow/dags/dags.py                           1           0  1.41s           2026-05-15T23:41:28
================================================================================
[2026-05-15T23:42:27.566+0000] {manager.py:879} INFO - 
================================================================================
DAG File Processing Stats

File Path                  PID    Runtime      # DAGs    # Errors  Last Runtime    Last Run
-------------------------  -----  ---------  --------  ----------  --------------  -------------------
/opt/airflow/dags/dags.py                           1           0  1.30s           2026-05-15T23:41:59
================================================================================
[2026-05-15T23:42:57.704+0000] {manager.py:879} INFO - 
================================================================================
DAG File Processing Stats

File Path                  PID    Runtime      # DAGs    # Errors  Last Runtime    Last Run
-------------------------  -----  ---------  --------  ----------  --------------  -------------------
/opt/airflow/dags/dags.py                           1           0  0.33s           2026-05-15T23:42:30
================================================================================
[2026-05-15T23:43:28.167+0000] {manager.py:879} INFO - 
================================================================================
DAG File Processing Stats

File Path                  PID    Runtime      # DAGs    # Errors  Last Runtime    Last Run
-------------------------  -----  ---------  --------  ----------  --------------  -------------------
/opt/airflow/dags/dags.py                           1           0  11.49s          2026-05-15T23:43:12
================================================================================
[2026-05-15T23:43:59.111+0000] {manager.py:879} INFO - 
================================================================================
DAG File Processing Stats

File Path                  PID    Runtime      # DAGs    # Errors  Last Runtime    Last Run
-------------------------  -----  ---------  --------  ----------  --------------  -------------------
/opt/airflow/dags/dags.py                           1           0  2.87s           2026-05-15T23:43:45
================================================================================
[2026-05-15T23:44:29.626+0000] {manager.py:879} INFO - 
================================================================================
DAG File Processing Stats

File Path                  PID    Runtime      # DAGs    # Errors  Last Runtime    Last Run
-------------------------  -----  ---------  --------  ----------  --------------  -------------------
/opt/airflow/dags/dags.py                           1           0  0.36s           2026-05-15T23:44:16
================================================================================
[2026-05-15T23:45:00.342+0000] {manager.py:879} INFO - 
================================================================================
DAG File Processing Stats

File Path                  PID    Runtime      # DAGs    # Errors  Last Runtime    Last Run
-------------------------  -----  ---------  --------  ----------  --------------  -------------------
/opt/airflow/dags/dags.py                           1           0  0.29s           2026-05-15T23:44:47
================================================================================
[2026-05-15T23:45:30.517+0000] {manager.py:879} INFO - 
================================================================================
DAG File Processing Stats

File Path                  PID    Runtime      # DAGs    # Errors  Last Runtime    Last Run
-------------------------  -----  ---------  --------  ----------  --------------  -------------------
/opt/airflow/dags/dags.py                           1           0  0.23s           2026-05-15T23:45:18
================================================================================
[2026-05-15T23:46:00.595+0000] {manager.py:879} INFO - 
================================================================================
DAG File Processing Stats

File Path                  PID    Runtime      # DAGs    # Errors  Last Runtime    Last Run
-------------------------  -----  ---------  --------  ----------  --------------  -------------------
/opt/airflow/dags/dags.py                           1           0  0.21s           2026-05-15T23:45:48
================================================================================
[2026-05-15T23:46:26.991+0000] {manager.py:738} INFO - Searching for files in /opt/airflow/dags
[2026-05-15T23:46:27.022+0000] {manager.py:741} INFO - There are 1 files in /opt/airflow/dags
[2026-05-15T23:46:31.088+0000] {manager.py:879} INFO - 
================================================================================
DAG File Processing Stats

File Path                  PID    Runtime      # DAGs    # Errors  Last Runtime    Last Run
-------------------------  -----  ---------  --------  ----------  --------------  -------------------
/opt/airflow/dags/dags.py                           1           0  0.29s           2026-05-15T23:46:19
================================================================================
[2026-05-15T23:47:01.603+0000] {manager.py:879} INFO - 
================================================================================
DAG File Processing Stats

File Path                  PID    Runtime      # DAGs    # Errors  Last Runtime    Last Run
-------------------------  -----  ---------  --------  ----------  --------------  -------------------
/opt/airflow/dags/dags.py                           1           0  0.41s           2026-05-15T23:46:49
================================================================================
[2026-05-15T23:47:31.954+0000] {manager.py:879} INFO - 
================================================================================
DAG File Processing Stats

File Path                  PID    Runtime      # DAGs    # Errors  Last Runtime    Last Run
-------------------------  -----  ---------  --------  ----------  --------------  -------------------
/opt/airflow/dags/dags.py                           1           0  0.33s           2026-05-15T23:47:20
================================================================================
[2026-05-15T23:48:02.697+0000] {manager.py:879} INFO - 
================================================================================
DAG File Processing Stats

File Path                  PID    Runtime      # DAGs    # Errors  Last Runtime    Last Run
-------------------------  -----  ---------  --------  ----------  --------------  -------------------
/opt/airflow/dags/dags.py                           1           0  0.27s           2026-05-15T23:47:50
================================================================================
[2026-05-15T23:48:33.131+0000] {manager.py:879} INFO - 
================================================================================
DAG File Processing Stats

File Path                  PID    Runtime      # DAGs    # Errors  Last Runtime    Last Run
-------------------------  -----  ---------  --------  ----------  --------------  -------------------
/opt/airflow/dags/dags.py                           1           0  0.30s           2026-05-15T23:48:21
================================================================================
[2026-05-15T23:49:03.739+0000] {manager.py:879} INFO - 
================================================================================
DAG File Processing Stats

File Path                  PID    Runtime      # DAGs    # Errors  Last Runtime    Last Run
-------------------------  -----  ---------  --------  ----------  --------------  -------------------
/opt/airflow/dags/dags.py                           1           0  0.27s           2026-05-15T23:48:51
================================================================================
[2026-05-15T23:49:34.166+0000] {manager.py:879} INFO - 
================================================================================
DAG File Processing Stats

File Path                  PID    Runtime      # DAGs    # Errors  Last Runtime    Last Run
-------------------------  -----  ---------  --------  ----------  --------------  -------------------
/opt/airflow/dags/dags.py                           1           0  0.25s           2026-05-15T23:49:22
================================================================================
[2026-05-15T23:50:04.779+0000] {manager.py:879} INFO - 
================================================================================
DAG File Processing Stats

File Path                  PID    Runtime      # DAGs    # Errors  Last Runtime    Last Run
-------------------------  -----  ---------  --------  ----------  --------------  -------------------
/opt/airflow/dags/dags.py                           1           0  0.35s           2026-05-15T23:49:52
================================================================================
[2026-05-15T23:50:34.999+0000] {manager.py:879} INFO - 
================================================================================
DAG File Processing Stats

File Path                  PID    Runtime      # DAGs    # Errors  Last Runtime    Last Run
-------------------------  -----  ---------  --------  ----------  --------------  -------------------
/opt/airflow/dags/dags.py                           1           0  0.20s           2026-05-15T23:50:23
================================================================================
[2026-05-15T23:51:05.568+0000] {manager.py:879} INFO - 
================================================================================
DAG File Processing Stats

File Path                  PID    Runtime      # DAGs    # Errors  Last Runtime    Last Run
-------------------------  -----  ---------  --------  ----------  --------------  -------------------
/opt/airflow/dags/dags.py                           1           0  0.82s           2026-05-15T23:50:54
================================================================================
[2026-05-15T23:51:27.036+0000] {manager.py:738} INFO - Searching for files in /opt/airflow/dags
[2026-05-15T23:51:27.054+0000] {manager.py:741} INFO - There are 1 files in /opt/airflow/dags
[2026-05-15T23:51:36.151+0000] {manager.py:879} INFO - 
================================================================================
DAG File Processing Stats

File Path                  PID    Runtime      # DAGs    # Errors  Last Runtime    Last Run
-------------------------  -----  ---------  --------  ----------  --------------  -------------------
/opt/airflow/dags/dags.py                           1           0  0.48s           2026-05-15T23:51:25
================================================================================
[2026-05-15T23:51:39.082+0000] {manager.py:451} INFO - Exiting gracefully upon receiving signal 15
[2026-05-15T23:53:54.485+0000] {manager.py:469} INFO - Processing files using up to 2 processes at a time 
[2026-05-15T23:53:54.491+0000] {manager.py:470} INFO - Process each file at most once every 30 seconds
[2026-05-15T23:53:54.493+0000] {manager.py:471} INFO - Checking for new files in /opt/airflow/dags every 300 seconds
[2026-05-15T23:53:54.496+0000] {manager.py:738} INFO - Searching for files in /opt/airflow/dags
[2026-05-15T23:53:54.530+0000] {manager.py:741} INFO - There are 1 files in /opt/airflow/dags
[2026-05-15T23:53:55.033+0000] {manager.py:879} INFO - 
================================================================================
DAG File Processing Stats

File Path                    PID  Runtime      # DAGs    # Errors  Last Runtime    Last Run
-------------------------  -----  ---------  --------  ----------  --------------  ----------
/opt/airflow/dags/dags.py    160  0.18s             0           0
================================================================================
[2026-05-15T23:54:25.442+0000] {manager.py:879} INFO - 
================================================================================
DAG File Processing Stats

File Path                  PID    Runtime      # DAGs    # Errors  Last Runtime    Last Run
-------------------------  -----  ---------  --------  ----------  --------------  -------------------
/opt/airflow/dags/dags.py                           1           0  1.21s           2026-05-15T23:53:56
================================================================================
[2026-05-15T23:54:56.050+0000] {manager.py:879} INFO - 
================================================================================
DAG File Processing Stats

File Path                  PID    Runtime      # DAGs    # Errors  Last Runtime    Last Run
-------------------------  -----  ---------  --------  ----------  --------------  -------------------
/opt/airflow/dags/dags.py                           1           0  0.60s           2026-05-15T23:54:27
================================================================================
[2026-05-15T23:55:26.780+0000] {manager.py:879} INFO - 
================================================================================
DAG File Processing Stats

File Path                  PID    Runtime      # DAGs    # Errors  Last Runtime    Last Run
-------------------------  -----  ---------  --------  ----------  --------------  -------------------
/opt/airflow/dags/dags.py                           1           0  0.57s           2026-05-15T23:54:57
================================================================================
[2026-05-15T23:55:57.009+0000] {manager.py:879} INFO - 
================================================================================
DAG File Processing Stats

File Path                  PID    Runtime      # DAGs    # Errors  Last Runtime    Last Run
-------------------------  -----  ---------  --------  ----------  --------------  -------------------
/opt/airflow/dags/dags.py                           1           0  0.84s           2026-05-15T23:55:28
================================================================================
[2026-05-15T23:56:27.598+0000] {manager.py:879} INFO - 
================================================================================
DAG File Processing Stats

File Path                  PID    Runtime      # DAGs    # Errors  Last Runtime    Last Run
-------------------------  -----  ---------  --------  ----------  --------------  -------------------
/opt/airflow/dags/dags.py                           1           0  11.77s          2026-05-15T23:56:11
================================================================================
[2026-05-15T23:56:57.775+0000] {manager.py:879} INFO - 
================================================================================
DAG File Processing Stats

File Path                  PID    Runtime      # DAGs    # Errors  Last Runtime    Last Run
-------------------------  -----  ---------  --------  ----------  --------------  -------------------
/opt/airflow/dags/dags.py                           1           0  0.94s           2026-05-15T23:56:42
================================================================================
[2026-05-15T23:57:28.126+0000] {manager.py:879} INFO - 
================================================================================
DAG File Processing Stats

File Path                  PID    Runtime      # DAGs    # Errors  Last Runtime    Last Run
-------------------------  -----  ---------  --------  ----------  --------------  -------------------
/opt/airflow/dags/dags.py                           1           0  0.20s           2026-05-15T23:57:13
================================================================================
[2026-05-15T23:57:58.602+0000] {manager.py:879} INFO - 
================================================================================
DAG File Processing Stats

File Path                  PID    Runtime      # DAGs    # Errors  Last Runtime    Last Run
-------------------------  -----  ---------  --------  ----------  --------------  -------------------
/opt/airflow/dags/dags.py                           1           0  0.34s           2026-05-15T23:57:43
================================================================================
[2026-05-15T23:58:29.189+0000] {manager.py:879} INFO - 
================================================================================
DAG File Processing Stats

File Path                  PID    Runtime      # DAGs    # Errors  Last Runtime    Last Run
-------------------------  -----  ---------  --------  ----------  --------------  -------------------
/opt/airflow/dags/dags.py                           1           0  0.25s           2026-05-15T23:58:14
================================================================================
[2026-05-15T23:58:54.519+0000] {manager.py:738} INFO - Searching for files in /opt/airflow/dags
[2026-05-15T23:58:54.562+0000] {manager.py:741} INFO - There are 1 files in /opt/airflow/dags
[2026-05-15T23:58:59.706+0000] {manager.py:879} INFO - 
================================================================================
DAG File Processing Stats

File Path                  PID    Runtime      # DAGs    # Errors  Last Runtime    Last Run
-------------------------  -----  ---------  --------  ----------  --------------  -------------------
/opt/airflow/dags/dags.py                           1           0  0.32s           2026-05-15T23:58:44
================================================================================
[2026-05-15T23:59:30.075+0000] {manager.py:879} INFO - 
================================================================================
DAG File Processing Stats

File Path                  PID    Runtime      # DAGs    # Errors  Last Runtime    Last Run
-------------------------  -----  ---------  --------  ----------  --------------  -------------------
/opt/airflow/dags/dags.py                           1           0  0.21s           2026-05-15T23:59:15
================================================================================
[2026-05-16T00:00:00.777+0000] {manager.py:879} INFO - 
================================================================================
DAG File Processing Stats

File Path                  PID    Runtime      # DAGs    # Errors  Last Runtime    Last Run
-------------------------  -----  ---------  --------  ----------  --------------  -------------------
/opt/airflow/dags/dags.py                           1           0  0.21s           2026-05-15T23:59:45
================================================================================
[2026-05-16T00:00:31.297+0000] {manager.py:879} INFO - 
================================================================================
DAG File Processing Stats

File Path                  PID    Runtime      # DAGs    # Errors  Last Runtime    Last Run
-------------------------  -----  ---------  --------  ----------  --------------  -------------------
/opt/airflow/dags/dags.py                           1           0  0.33s           2026-05-16T00:00:16
================================================================================
[2026-05-16T00:01:01.849+0000] {manager.py:879} INFO - 
================================================================================
DAG File Processing Stats

File Path                  PID    Runtime      # DAGs    # Errors  Last Runtime    Last Run
-------------------------  -----  ---------  --------  ----------  --------------  -------------------
/opt/airflow/dags/dags.py                           1           0  0.54s           2026-05-16T00:00:47
================================================================================
[2026-05-16T00:01:32.284+0000] {manager.py:879} INFO - 
================================================================================
DAG File Processing Stats

File Path                  PID    Runtime      # DAGs    # Errors  Last Runtime    Last Run
-------------------------  -----  ---------  --------  ----------  --------------  -------------------
/opt/airflow/dags/dags.py                           1           0  0.44s           2026-05-16T00:01:17
================================================================================
[2026-05-16T00:02:02.391+0000] {manager.py:879} INFO - 
================================================================================
DAG File Processing Stats

File Path                  PID    Runtime      # DAGs    # Errors  Last Runtime    Last Run
-------------------------  -----  ---------  --------  ----------  --------------  -------------------
/opt/airflow/dags/dags.py                           1           0  1.47s           2026-05-16T00:01:49
================================================================================
[2026-05-16T00:02:32.873+0000] {manager.py:879} INFO - 
================================================================================
DAG File Processing Stats

File Path                  PID    Runtime      # DAGs    # Errors  Last Runtime    Last Run
-------------------------  -----  ---------  --------  ----------  --------------  -------------------
/opt/airflow/dags/dags.py                           1           0  0.36s           2026-05-16T00:02:19
================================================================================
[2026-05-16T00:03:02.931+0000] {manager.py:879} INFO - 
================================================================================
DAG File Processing Stats

File Path                  PID    Runtime      # DAGs    # Errors  Last Runtime    Last Run
-------------------------  -----  ---------  --------  ----------  --------------  -------------------
/opt/airflow/dags/dags.py                           1           0  0.70s           2026-05-16T00:02:50
================================================================================
[2026-05-16T00:03:33.337+0000] {manager.py:879} INFO - 
================================================================================
DAG File Processing Stats

File Path                  PID    Runtime      # DAGs    # Errors  Last Runtime    Last Run
-------------------------  -----  ---------  --------  ----------  --------------  -------------------
/opt/airflow/dags/dags.py                           1           0  0.22s           2026-05-16T00:03:21
================================================================================
[2026-05-16T00:03:55.125+0000] {manager.py:738} INFO - Searching for files in /opt/airflow/dags
[2026-05-16T00:03:55.153+0000] {manager.py:741} INFO - There are 1 files in /opt/airflow/dags
[2026-05-16T00:04:03.362+0000] {manager.py:879} INFO - 
================================================================================
DAG File Processing Stats

File Path                  PID    Runtime      # DAGs    # Errors  Last Runtime    Last Run
-------------------------  -----  ---------  --------  ----------  --------------  -------------------
/opt/airflow/dags/dags.py                           1           0  0.27s           2026-05-16T00:03:52
================================================================================
[2026-05-16T00:04:33.627+0000] {manager.py:879} INFO - 
================================================================================
DAG File Processing Stats

File Path                  PID    Runtime      # DAGs    # Errors  Last Runtime    Last Run
-------------------------  -----  ---------  --------  ----------  --------------  -------------------
/opt/airflow/dags/dags.py                           1           0  0.22s           2026-05-16T00:04:22
================================================================================
[2026-05-16T00:05:04.126+0000] {manager.py:879} INFO - 
================================================================================
DAG File Processing Stats

File Path                  PID    Runtime      # DAGs    # Errors  Last Runtime    Last Run
-------------------------  -----  ---------  --------  ----------  --------------  -------------------
/opt/airflow/dags/dags.py                           1           0  0.22s           2026-05-16T00:04:53
================================================================================
[2026-05-16T00:05:34.372+0000] {manager.py:879} INFO - 
================================================================================
DAG File Processing Stats

File Path                  PID    Runtime      # DAGs    # Errors  Last Runtime    Last Run
-------------------------  -----  ---------  --------  ----------  --------------  -------------------
/opt/airflow/dags/dags.py                           1           0  0.82s           2026-05-16T00:05:24
================================================================================
[2026-05-16T00:06:04.864+0000] {manager.py:879} INFO - 
================================================================================
DAG File Processing Stats

File Path                  PID    Runtime      # DAGs    # Errors  Last Runtime    Last Run
-------------------------  -----  ---------  --------  ----------  --------------  -------------------
/opt/airflow/dags/dags.py                           1           0  0.74s           2026-05-16T00:05:55
================================================================================
[2026-05-16T00:06:34.888+0000] {manager.py:879} INFO - 
================================================================================
DAG File Processing Stats

File Path                  PID    Runtime      # DAGs    # Errors  Last Runtime    Last Run
-------------------------  -----  ---------  --------  ----------  --------------  -------------------
/opt/airflow/dags/dags.py                           1           0  0.41s           2026-05-16T00:06:26
================================================================================
[2026-05-16T00:07:05.170+0000] {manager.py:879} INFO - 
================================================================================
DAG File Processing Stats

File Path                  PID    Runtime      # DAGs    # Errors  Last Runtime    Last Run
-------------------------  -----  ---------  --------  ----------  --------------  -------------------
/opt/airflow/dags/dags.py                           1           0  0.47s           2026-05-16T00:06:57
================================================================================
[2026-05-16T00:07:35.208+0000] {manager.py:879} INFO - 
================================================================================
DAG File Processing Stats

File Path                  PID    Runtime      # DAGs    # Errors  Last Runtime    Last Run
-------------------------  -----  ---------  --------  ----------  --------------  -------------------
/opt/airflow/dags/dags.py                           1           0  0.49s           2026-05-16T00:07:28
================================================================================
[2026-05-16T00:08:05.927+0000] {manager.py:879} INFO - 
================================================================================
DAG File Processing Stats

File Path                  PID    Runtime      # DAGs    # Errors  Last Runtime    Last Run
-------------------------  -----  ---------  --------  ----------  --------------  -------------------
/opt/airflow/dags/dags.py                           1           0  0.46s           2026-05-16T00:07:58
================================================================================
[2026-05-16T00:08:36.695+0000] {manager.py:879} INFO - 
================================================================================
DAG File Processing Stats

File Path                  PID    Runtime      # DAGs    # Errors  Last Runtime    Last Run
-------------------------  -----  ---------  --------  ----------  --------------  -------------------
/opt/airflow/dags/dags.py                           1           0  0.76s           2026-05-16T00:08:30
================================================================================
[2026-05-16T00:08:55.153+0000] {manager.py:738} INFO - Searching for files in /opt/airflow/dags
[2026-05-16T00:08:55.365+0000] {manager.py:741} INFO - There are 1 files in /opt/airflow/dags
[2026-05-16T00:09:07.101+0000] {manager.py:879} INFO - 
================================================================================
DAG File Processing Stats

File Path                  PID    Runtime      # DAGs    # Errors  Last Runtime    Last Run
-------------------------  -----  ---------  --------  ----------  --------------  -------------------
/opt/airflow/dags/dags.py                           1           0  0.51s           2026-05-16T00:09:01
================================================================================
[2026-05-16T00:09:37.556+0000] {manager.py:879} INFO - 
================================================================================
DAG File Processing Stats

File Path                  PID    Runtime      # DAGs    # Errors  Last Runtime    Last Run
-------------------------  -----  ---------  --------  ----------  --------------  -------------------
/opt/airflow/dags/dags.py                           1           0  0.29s           2026-05-16T00:09:31
================================================================================
[2026-05-16T00:10:08.150+0000] {manager.py:879} INFO - 
================================================================================
DAG File Processing Stats

File Path                  PID    Runtime      # DAGs    # Errors  Last Runtime    Last Run
-------------------------  -----  ---------  --------  ----------  --------------  -------------------
/opt/airflow/dags/dags.py                           1           0  0.21s           2026-05-16T00:10:02
================================================================================
[2026-05-16T00:10:38.508+0000] {manager.py:879} INFO - 
================================================================================
DAG File Processing Stats

File Path                  PID    Runtime      # DAGs    # Errors  Last Runtime    Last Run
-------------------------  -----  ---------  --------  ----------  --------------  -------------------
/opt/airflow/dags/dags.py                           1           0  0.23s           2026-05-16T00:10:32
================================================================================
[2026-05-16T00:11:09.037+0000] {manager.py:879} INFO - 
================================================================================
DAG File Processing Stats

File Path                  PID    Runtime      # DAGs    # Errors  Last Runtime    Last Run
-------------------------  -----  ---------  --------  ----------  --------------  -------------------
/opt/airflow/dags/dags.py                           1           0  0.28s           2026-05-16T00:11:03
================================================================================
[2026-05-16T00:11:39.187+0000] {manager.py:879} INFO - 
================================================================================
DAG File Processing Stats

File Path                  PID    Runtime      # DAGs    # Errors  Last Runtime    Last Run
-------------------------  -----  ---------  --------  ----------  --------------  -------------------
/opt/airflow/dags/dags.py                           1           0  2.09s           2026-05-16T00:11:35
================================================================================
[2026-05-16T00:12:09.308+0000] {manager.py:879} INFO - 
================================================================================
DAG File Processing Stats

File Path                  PID    Runtime      # DAGs    # Errors  Last Runtime    Last Run
-------------------------  -----  ---------  --------  ----------  --------------  -------------------
/opt/airflow/dags/dags.py                           1           0  0.32s           2026-05-16T00:12:06
================================================================================
[2026-05-16T00:12:39.511+0000] {manager.py:879} INFO - 
================================================================================
DAG File Processing Stats

File Path                    PID  Runtime      # DAGs    # Errors  Last Runtime    Last Run
-------------------------  -----  ---------  --------  ----------  --------------  -------------------
/opt/airflow/dags/dags.py    806  2.51s             1           0  0.32s           2026-05-16T00:12:06
================================================================================
[2026-05-16T00:13:10.012+0000] {manager.py:879} INFO - 
================================================================================
DAG File Processing Stats

File Path                  PID    Runtime      # DAGs    # Errors  Last Runtime    Last Run
-------------------------  -----  ---------  --------  ----------  --------------  -------------------
/opt/airflow/dags/dags.py                           1           0  4.79s           2026-05-16T00:12:41
================================================================================
[2026-05-16T00:13:40.440+0000] {manager.py:879} INFO - 
================================================================================
DAG File Processing Stats

File Path                  PID    Runtime      # DAGs    # Errors  Last Runtime    Last Run
-------------------------  -----  ---------  --------  ----------  --------------  -------------------
/opt/airflow/dags/dags.py                           1           0  0.25s           2026-05-16T00:13:12
================================================================================
[2026-05-16T00:13:55.266+0000] {manager.py:738} INFO - Searching for files in /opt/airflow/dags
[2026-05-16T00:13:55.482+0000] {manager.py:741} INFO - There are 1 files in /opt/airflow/dags
[2026-05-16T00:14:10.792+0000] {manager.py:879} INFO - 
================================================================================
DAG File Processing Stats

File Path                  PID    Runtime      # DAGs    # Errors  Last Runtime    Last Run
-------------------------  -----  ---------  --------  ----------  --------------  -------------------
/opt/airflow/dags/dags.py                           1           0  0.24s           2026-05-16T00:13:42
================================================================================
[2026-05-16T00:14:41.781+0000] {manager.py:879} INFO - 
================================================================================
DAG File Processing Stats

File Path                  PID    Runtime      # DAGs    # Errors  Last Runtime    Last Run
-------------------------  -----  ---------  --------  ----------  --------------  -------------------
/opt/airflow/dags/dags.py                           1           0  0.31s           2026-05-16T00:14:13
================================================================================
[2026-05-16T00:15:12.074+0000] {manager.py:879} INFO - 
================================================================================
DAG File Processing Stats

File Path                  PID    Runtime      # DAGs    # Errors  Last Runtime    Last Run
-------------------------  -----  ---------  --------  ----------  --------------  -------------------
/opt/airflow/dags/dags.py                           1           0  0.21s           2026-05-16T00:14:44
================================================================================
[2026-05-16T00:15:42.534+0000] {manager.py:879} INFO - 
================================================================================
DAG File Processing Stats

File Path                  PID    Runtime      # DAGs    # Errors  Last Runtime    Last Run
-------------------------  -----  ---------  --------  ----------  --------------  -------------------
/opt/airflow/dags/dags.py                           1           0  0.23s           2026-05-16T00:15:14
================================================================================
[2026-05-16T00:16:12.984+0000] {manager.py:879} INFO - 
================================================================================
DAG File Processing Stats

File Path                  PID    Runtime      # DAGs    # Errors  Last Runtime    Last Run
-------------------------  -----  ---------  --------  ----------  --------------  -------------------
/opt/airflow/dags/dags.py                           1           0  0.24s           2026-05-16T00:15:44
================================================================================
[2026-05-16T00:16:43.685+0000] {manager.py:879} INFO - 
================================================================================
DAG File Processing Stats

File Path                  PID    Runtime      # DAGs    # Errors  Last Runtime    Last Run
-------------------------  -----  ---------  --------  ----------  --------------  -------------------
/opt/airflow/dags/dags.py                           1           0  0.37s           2026-05-16T00:16:15
================================================================================
[2026-05-16T00:17:14.385+0000] {manager.py:879} INFO - 
================================================================================
DAG File Processing Stats

File Path                  PID    Runtime      # DAGs    # Errors  Last Runtime    Last Run
-------------------------  -----  ---------  --------  ----------  --------------  -------------------
/opt/airflow/dags/dags.py                           1           0  0.31s           2026-05-16T00:16:46
================================================================================
[2026-05-16T00:17:44.912+0000] {manager.py:879} INFO - 
================================================================================
DAG File Processing Stats

File Path                  PID    Runtime      # DAGs    # Errors  Last Runtime    Last Run
-------------------------  -----  ---------  --------  ----------  --------------  -------------------
/opt/airflow/dags/dags.py                           1           0  0.57s           2026-05-16T00:17:22
================================================================================
[2026-05-16T00:18:15.075+0000] {manager.py:879} INFO - 
================================================================================
DAG File Processing Stats

File Path                  PID    Runtime      # DAGs    # Errors  Last Runtime    Last Run
-------------------------  -----  ---------  --------  ----------  --------------  -------------------
/opt/airflow/dags/dags.py                           1           0  0.28s           2026-05-16T00:17:52
================================================================================
[2026-05-16T00:18:45.488+0000] {manager.py:879} INFO - 
================================================================================
DAG File Processing Stats

File Path                  PID    Runtime      # DAGs    # Errors  Last Runtime    Last Run
-------------------------  -----  ---------  --------  ----------  --------------  -------------------
/opt/airflow/dags/dags.py                           1           0  0.62s           2026-05-16T00:18:45
================================================================================
[2026-05-16T00:18:55.704+0000] {manager.py:738} INFO - Searching for files in /opt/airflow/dags
[2026-05-16T00:18:55.734+0000] {manager.py:741} INFO - There are 1 files in /opt/airflow/dags
[2026-05-16T00:19:15.903+0000] {manager.py:879} INFO - 
================================================================================
DAG File Processing Stats

File Path                    PID  Runtime      # DAGs    # Errors  Last Runtime    Last Run
-------------------------  -----  ---------  --------  ----------  --------------  -------------------
/opt/airflow/dags/dags.py   1029  0.04s             1           0  0.62s           2026-05-16T00:18:45
================================================================================
[2026-05-16T00:19:46.212+0000] {manager.py:879} INFO - 
================================================================================
DAG File Processing Stats

File Path                  PID    Runtime      # DAGs    # Errors  Last Runtime    Last Run
-------------------------  -----  ---------  --------  ----------  --------------  -------------------
/opt/airflow/dags/dags.py                           1           0  1.64s           2026-05-16T00:19:34
================================================================================
[2026-05-16T00:20:16.805+0000] {manager.py:879} INFO - 
================================================================================
DAG File Processing Stats

File Path                  PID    Runtime      # DAGs    # Errors  Last Runtime    Last Run
-------------------------  -----  ---------  --------  ----------  --------------  -------------------
/opt/airflow/dags/dags.py                           1           0  1.54s           2026-05-16T00:20:06
================================================================================
[2026-05-16T00:20:47.184+0000] {manager.py:879} INFO - 
================================================================================
DAG File Processing Stats

File Path                  PID    Runtime      # DAGs    # Errors  Last Runtime    Last Run
-------------------------  -----  ---------  --------  ----------  --------------  -------------------
/opt/airflow/dags/dags.py                           1           0  0.36s           2026-05-16T00:20:37
================================================================================
[2026-05-16T00:21:17.932+0000] {manager.py:879} INFO - 
================================================================================
DAG File Processing Stats

File Path                  PID    Runtime      # DAGs    # Errors  Last Runtime    Last Run
-------------------------  -----  ---------  --------  ----------  --------------  -------------------
/opt/airflow/dags/dags.py                           1           0  0.30s           2026-05-16T00:21:07
================================================================================
[2026-05-16T00:21:48.482+0000] {manager.py:879} INFO - 
================================================================================
DAG File Processing Stats

File Path                  PID    Runtime      # DAGs    # Errors  Last Runtime    Last Run
-------------------------  -----  ---------  --------  ----------  --------------  -------------------
/opt/airflow/dags/dags.py                           1           0  0.29s           2026-05-16T00:21:38
================================================================================
